
AVRASM ver. 2.1.30  C:\Users\user\Desktop\AZ5_AshkanHashemi-9830113\code_Vision\AZ5_Q6\Debug\List\Q6.asm Thu Nov 10 23:48:35 2022

C:\Users\user\Desktop\AZ5_AshkanHashemi-9830113\code_Vision\AZ5_Q6\Debug\List\Q6.asm(1088): warning: Register r5 already defined by the .DEF directive
C:\Users\user\Desktop\AZ5_AshkanHashemi-9830113\code_Vision\AZ5_Q6\Debug\List\Q6.asm(1089): warning: Register r4 already defined by the .DEF directive
C:\Users\user\Desktop\AZ5_AshkanHashemi-9830113\code_Vision\AZ5_Q6\Debug\List\Q6.asm(1090): warning: Register r7 already defined by the .DEF directive
                 
                 
                 ;CodeVisionAVR C Compiler V3.12 Advanced
                 ;(C) Copyright 1998-2014 Pavel Haiduc, HP InfoTech s.r.l.
                 ;http://www.hpinfotech.com
                 
                 ;Build configuration    : Debug
                 ;Chip type              : ATmega16
                 ;Program type           : Application
                 ;Clock frequency        : 8.000000 MHz
                 ;Memory model           : Small
                 ;Optimize for           : Size
                 ;(s)printf features     : int, width
                 ;(s)scanf features      : int, width
                 ;External RAM size      : 0
                 ;Data Stack size        : 256 byte(s)
                 ;Heap size              : 0 byte(s)
                 ;Promote 'char' to 'int': Yes
                 ;'char' is unsigned     : Yes
                 ;8 bit enums            : Yes
                 ;Global 'const' stored in FLASH: No
                 ;Enhanced function parameter passing: Yes
                 ;Enhanced core instructions: On
                 ;Automatic register allocation for global variables: On
                 ;Smart register allocation: On
                 
                 	#define _MODEL_SMALL_
                 
                 	#pragma AVRPART ADMIN PART_NAME ATmega16
                 	#pragma AVRPART MEMORY PROG_FLASH 16384
                 	#pragma AVRPART MEMORY EEPROM 512
                 	#pragma AVRPART MEMORY INT_SRAM SIZE 1024
                 	#pragma AVRPART MEMORY INT_SRAM START_ADDR 0x60
                 
                 	#define CALL_SUPPORTED 1
                 
                 	.LISTMAC
                 	.EQU UDRE=0x5
                 	.EQU RXC=0x7
                 	.EQU USR=0xB
                 	.EQU UDR=0xC
                 	.EQU SPSR=0xE
                 	.EQU SPDR=0xF
                 	.EQU EERE=0x0
                 	.EQU EEWE=0x1
                 	.EQU EEMWE=0x2
                 	.EQU EECR=0x1C
                 	.EQU EEDR=0x1D
                 	.EQU EEARL=0x1E
                 	.EQU EEARH=0x1F
                 	.EQU WDTCR=0x21
                 	.EQU MCUCR=0x35
                 	.EQU GICR=0x3B
                 	.EQU SPL=0x3D
                 	.EQU SPH=0x3E
                 	.EQU SREG=0x3F
                 
                 	.DEF R0X0=R0
                 	.DEF R0X1=R1
                 	.DEF R0X2=R2
                 	.DEF R0X3=R3
                 	.DEF R0X4=R4
                 	.DEF R0X5=R5
                 	.DEF R0X6=R6
                 	.DEF R0X7=R7
                 	.DEF R0X8=R8
                 	.DEF R0X9=R9
                 	.DEF R0XA=R10
                 	.DEF R0XB=R11
                 	.DEF R0XC=R12
                 	.DEF R0XD=R13
                 	.DEF R0XE=R14
                 	.DEF R0XF=R15
                 	.DEF R0X10=R16
                 	.DEF R0X11=R17
                 	.DEF R0X12=R18
                 	.DEF R0X13=R19
                 	.DEF R0X14=R20
                 	.DEF R0X15=R21
                 	.DEF R0X16=R22
                 	.DEF R0X17=R23
                 	.DEF R0X18=R24
                 	.DEF R0X19=R25
                 	.DEF R0X1A=R26
                 	.DEF R0X1B=R27
                 	.DEF R0X1C=R28
                 	.DEF R0X1D=R29
                 	.DEF R0X1E=R30
                 	.DEF R0X1F=R31
                 
                 	.EQU __SRAM_START=0x0060
                 	.EQU __SRAM_END=0x045F
                 	.EQU __DSTACK_SIZE=0x0100
                 	.EQU __HEAP_SIZE=0x0000
                 	.EQU __CLEAR_SRAM_SIZE=__SRAM_END-__SRAM_START+1
                 
                 	.MACRO __CPD1N
                 	CPI  R30,LOW(@0)
                 	LDI  R26,HIGH(@0)
                 	CPC  R31,R26
                 	LDI  R26,BYTE3(@0)
                 	CPC  R22,R26
                 	LDI  R26,BYTE4(@0)
                 	CPC  R23,R26
                 	.ENDM
                 
                 	.MACRO __CPD2N
                 	CPI  R26,LOW(@0)
                 	LDI  R30,HIGH(@0)
                 	CPC  R27,R30
                 	LDI  R30,BYTE3(@0)
                 	CPC  R24,R30
                 	LDI  R30,BYTE4(@0)
                 	CPC  R25,R30
                 	.ENDM
                 
                 	.MACRO __CPWRR
                 	CP   R@0,R@2
                 	CPC  R@1,R@3
                 	.ENDM
                 
                 	.MACRO __CPWRN
                 	CPI  R@0,LOW(@2)
                 	LDI  R30,HIGH(@2)
                 	CPC  R@1,R30
                 	.ENDM
                 
                 	.MACRO __ADDB1MN
                 	SUBI R30,LOW(-@0-(@1))
                 	.ENDM
                 
                 	.MACRO __ADDB2MN
                 	SUBI R26,LOW(-@0-(@1))
                 	.ENDM
                 
                 	.MACRO __ADDW1MN
                 	SUBI R30,LOW(-@0-(@1))
                 	SBCI R31,HIGH(-@0-(@1))
                 	.ENDM
                 
                 	.MACRO __ADDW2MN
                 	SUBI R26,LOW(-@0-(@1))
                 	SBCI R27,HIGH(-@0-(@1))
                 	.ENDM
                 
                 	.MACRO __ADDW1FN
                 	SUBI R30,LOW(-2*@0-(@1))
                 	SBCI R31,HIGH(-2*@0-(@1))
                 	.ENDM
                 
                 	.MACRO __ADDD1FN
                 	SUBI R30,LOW(-2*@0-(@1))
                 	SBCI R31,HIGH(-2*@0-(@1))
                 	SBCI R22,BYTE3(-2*@0-(@1))
                 	.ENDM
                 
                 	.MACRO __ADDD1N
                 	SUBI R30,LOW(-@0)
                 	SBCI R31,HIGH(-@0)
                 	SBCI R22,BYTE3(-@0)
                 	SBCI R23,BYTE4(-@0)
                 	.ENDM
                 
                 	.MACRO __ADDD2N
                 	SUBI R26,LOW(-@0)
                 	SBCI R27,HIGH(-@0)
                 	SBCI R24,BYTE3(-@0)
                 	SBCI R25,BYTE4(-@0)
                 	.ENDM
                 
                 	.MACRO __SUBD1N
                 	SUBI R30,LOW(@0)
                 	SBCI R31,HIGH(@0)
                 	SBCI R22,BYTE3(@0)
                 	SBCI R23,BYTE4(@0)
                 	.ENDM
                 
                 	.MACRO __SUBD2N
                 	SUBI R26,LOW(@0)
                 	SBCI R27,HIGH(@0)
                 	SBCI R24,BYTE3(@0)
                 	SBCI R25,BYTE4(@0)
                 	.ENDM
                 
                 	.MACRO __ANDBMNN
                 	LDS  R30,@0+(@1)
                 	ANDI R30,LOW(@2)
                 	STS  @0+(@1),R30
                 	.ENDM
                 
                 	.MACRO __ANDWMNN
                 	LDS  R30,@0+(@1)
                 	ANDI R30,LOW(@2)
                 	STS  @0+(@1),R30
                 	LDS  R30,@0+(@1)+1
                 	ANDI R30,HIGH(@2)
                 	STS  @0+(@1)+1,R30
                 	.ENDM
                 
                 	.MACRO __ANDD1N
                 	ANDI R30,LOW(@0)
                 	ANDI R31,HIGH(@0)
                 	ANDI R22,BYTE3(@0)
                 	ANDI R23,BYTE4(@0)
                 	.ENDM
                 
                 	.MACRO __ANDD2N
                 	ANDI R26,LOW(@0)
                 	ANDI R27,HIGH(@0)
                 	ANDI R24,BYTE3(@0)
                 	ANDI R25,BYTE4(@0)
                 	.ENDM
                 
                 	.MACRO __ORBMNN
                 	LDS  R30,@0+(@1)
                 	ORI  R30,LOW(@2)
                 	STS  @0+(@1),R30
                 	.ENDM
                 
                 	.MACRO __ORWMNN
                 	LDS  R30,@0+(@1)
                 	ORI  R30,LOW(@2)
                 	STS  @0+(@1),R30
                 	LDS  R30,@0+(@1)+1
                 	ORI  R30,HIGH(@2)
                 	STS  @0+(@1)+1,R30
                 	.ENDM
                 
                 	.MACRO __ORD1N
                 	ORI  R30,LOW(@0)
                 	ORI  R31,HIGH(@0)
                 	ORI  R22,BYTE3(@0)
                 	ORI  R23,BYTE4(@0)
                 	.ENDM
                 
                 	.MACRO __ORD2N
                 	ORI  R26,LOW(@0)
                 	ORI  R27,HIGH(@0)
                 	ORI  R24,BYTE3(@0)
                 	ORI  R25,BYTE4(@0)
                 	.ENDM
                 
                 	.MACRO __DELAY_USB
                 	LDI  R24,LOW(@0)
                 __DELAY_USB_LOOP:
                 	DEC  R24
                 	BRNE __DELAY_USB_LOOP
                 	.ENDM
                 
                 	.MACRO __DELAY_USW
                 	LDI  R24,LOW(@0)
                 	LDI  R25,HIGH(@0)
                 __DELAY_USW_LOOP:
                 	SBIW R24,1
                 	BRNE __DELAY_USW_LOOP
                 	.ENDM
                 
                 	.MACRO __GETD1S
                 	LDD  R30,Y+@0
                 	LDD  R31,Y+@0+1
                 	LDD  R22,Y+@0+2
                 	LDD  R23,Y+@0+3
                 	.ENDM
                 
                 	.MACRO __GETD2S
                 	LDD  R26,Y+@0
                 	LDD  R27,Y+@0+1
                 	LDD  R24,Y+@0+2
                 	LDD  R25,Y+@0+3
                 	.ENDM
                 
                 	.MACRO __PUTD1S
                 	STD  Y+@0,R30
                 	STD  Y+@0+1,R31
                 	STD  Y+@0+2,R22
                 	STD  Y+@0+3,R23
                 	.ENDM
                 
                 	.MACRO __PUTD2S
                 	STD  Y+@0,R26
                 	STD  Y+@0+1,R27
                 	STD  Y+@0+2,R24
                 	STD  Y+@0+3,R25
                 	.ENDM
                 
                 	.MACRO __PUTDZ2
                 	STD  Z+@0,R26
                 	STD  Z+@0+1,R27
                 	STD  Z+@0+2,R24
                 	STD  Z+@0+3,R25
                 	.ENDM
                 
                 	.MACRO __CLRD1S
                 	STD  Y+@0,R30
                 	STD  Y+@0+1,R30
                 	STD  Y+@0+2,R30
                 	STD  Y+@0+3,R30
                 	.ENDM
                 
                 	.MACRO __POINTB1MN
                 	LDI  R30,LOW(@0+(@1))
                 	.ENDM
                 
                 	.MACRO __POINTW1MN
                 	LDI  R30,LOW(@0+(@1))
                 	LDI  R31,HIGH(@0+(@1))
                 	.ENDM
                 
                 	.MACRO __POINTD1M
                 	LDI  R30,LOW(@0)
                 	LDI  R31,HIGH(@0)
                 	LDI  R22,BYTE3(@0)
                 	LDI  R23,BYTE4(@0)
                 	.ENDM
                 
                 	.MACRO __POINTW1FN
                 	LDI  R30,LOW(2*@0+(@1))
                 	LDI  R31,HIGH(2*@0+(@1))
                 	.ENDM
                 
                 	.MACRO __POINTD1FN
                 	LDI  R30,LOW(2*@0+(@1))
                 	LDI  R31,HIGH(2*@0+(@1))
                 	LDI  R22,BYTE3(2*@0+(@1))
                 	LDI  R23,BYTE4(2*@0+(@1))
                 	.ENDM
                 
                 	.MACRO __POINTB2MN
                 	LDI  R26,LOW(@0+(@1))
                 	.ENDM
                 
                 	.MACRO __POINTW2MN
                 	LDI  R26,LOW(@0+(@1))
                 	LDI  R27,HIGH(@0+(@1))
                 	.ENDM
                 
                 	.MACRO __POINTW2FN
                 	LDI  R26,LOW(2*@0+(@1))
                 	LDI  R27,HIGH(2*@0+(@1))
                 	.ENDM
                 
                 	.MACRO __POINTD2FN
                 	LDI  R26,LOW(2*@0+(@1))
                 	LDI  R27,HIGH(2*@0+(@1))
                 	LDI  R24,BYTE3(2*@0+(@1))
                 	LDI  R25,BYTE4(2*@0+(@1))
                 	.ENDM
                 
                 	.MACRO __POINTBRM
                 	LDI  R@0,LOW(@1)
                 	.ENDM
                 
                 	.MACRO __POINTWRM
                 	LDI  R@0,LOW(@2)
                 	LDI  R@1,HIGH(@2)
                 	.ENDM
                 
                 	.MACRO __POINTBRMN
                 	LDI  R@0,LOW(@1+(@2))
                 	.ENDM
                 
                 	.MACRO __POINTWRMN
                 	LDI  R@0,LOW(@2+(@3))
                 	LDI  R@1,HIGH(@2+(@3))
                 	.ENDM
                 
                 	.MACRO __POINTWRFN
                 	LDI  R@0,LOW(@2*2+(@3))
                 	LDI  R@1,HIGH(@2*2+(@3))
                 	.ENDM
                 
                 	.MACRO __GETD1N
                 	LDI  R30,LOW(@0)
                 	LDI  R31,HIGH(@0)
                 	LDI  R22,BYTE3(@0)
                 	LDI  R23,BYTE4(@0)
                 	.ENDM
                 
                 	.MACRO __GETD2N
                 	LDI  R26,LOW(@0)
                 	LDI  R27,HIGH(@0)
                 	LDI  R24,BYTE3(@0)
                 	LDI  R25,BYTE4(@0)
                 	.ENDM
                 
                 	.MACRO __GETB1MN
                 	LDS  R30,@0+(@1)
                 	.ENDM
                 
                 	.MACRO __GETB1HMN
                 	LDS  R31,@0+(@1)
                 	.ENDM
                 
                 	.MACRO __GETW1MN
                 	LDS  R30,@0+(@1)
                 	LDS  R31,@0+(@1)+1
                 	.ENDM
                 
                 	.MACRO __GETD1MN
                 	LDS  R30,@0+(@1)
                 	LDS  R31,@0+(@1)+1
                 	LDS  R22,@0+(@1)+2
                 	LDS  R23,@0+(@1)+3
                 	.ENDM
                 
                 	.MACRO __GETBRMN
                 	LDS  R@0,@1+(@2)
                 	.ENDM
                 
                 	.MACRO __GETWRMN
                 	LDS  R@0,@2+(@3)
                 	LDS  R@1,@2+(@3)+1
                 	.ENDM
                 
                 	.MACRO __GETWRZ
                 	LDD  R@0,Z+@2
                 	LDD  R@1,Z+@2+1
                 	.ENDM
                 
                 	.MACRO __GETD2Z
                 	LDD  R26,Z+@0
                 	LDD  R27,Z+@0+1
                 	LDD  R24,Z+@0+2
                 	LDD  R25,Z+@0+3
                 	.ENDM
                 
                 	.MACRO __GETB2MN
                 	LDS  R26,@0+(@1)
                 	.ENDM
                 
                 	.MACRO __GETW2MN
                 	LDS  R26,@0+(@1)
                 	LDS  R27,@0+(@1)+1
                 	.ENDM
                 
                 	.MACRO __GETD2MN
                 	LDS  R26,@0+(@1)
                 	LDS  R27,@0+(@1)+1
                 	LDS  R24,@0+(@1)+2
                 	LDS  R25,@0+(@1)+3
                 	.ENDM
                 
                 	.MACRO __PUTB1MN
                 	STS  @0+(@1),R30
                 	.ENDM
                 
                 	.MACRO __PUTW1MN
                 	STS  @0+(@1),R30
                 	STS  @0+(@1)+1,R31
                 	.ENDM
                 
                 	.MACRO __PUTD1MN
                 	STS  @0+(@1),R30
                 	STS  @0+(@1)+1,R31
                 	STS  @0+(@1)+2,R22
                 	STS  @0+(@1)+3,R23
                 	.ENDM
                 
                 	.MACRO __PUTB1EN
                 	LDI  R26,LOW(@0+(@1))
                 	LDI  R27,HIGH(@0+(@1))
                 	CALL __EEPROMWRB
                 	.ENDM
                 
                 	.MACRO __PUTW1EN
                 	LDI  R26,LOW(@0+(@1))
                 	LDI  R27,HIGH(@0+(@1))
                 	CALL __EEPROMWRW
                 	.ENDM
                 
                 	.MACRO __PUTD1EN
                 	LDI  R26,LOW(@0+(@1))
                 	LDI  R27,HIGH(@0+(@1))
                 	CALL __EEPROMWRD
                 	.ENDM
                 
                 	.MACRO __PUTBR0MN
                 	STS  @0+(@1),R0
                 	.ENDM
                 
                 	.MACRO __PUTBMRN
                 	STS  @0+(@1),R@2
                 	.ENDM
                 
                 	.MACRO __PUTWMRN
                 	STS  @0+(@1),R@2
                 	STS  @0+(@1)+1,R@3
                 	.ENDM
                 
                 	.MACRO __PUTBZR
                 	STD  Z+@1,R@0
                 	.ENDM
                 
                 	.MACRO __PUTWZR
                 	STD  Z+@2,R@0
                 	STD  Z+@2+1,R@1
                 	.ENDM
                 
                 	.MACRO __GETW1R
                 	MOV  R30,R@0
                 	MOV  R31,R@1
                 	.ENDM
                 
                 	.MACRO __GETW2R
                 	MOV  R26,R@0
                 	MOV  R27,R@1
                 	.ENDM
                 
                 	.MACRO __GETWRN
                 	LDI  R@0,LOW(@2)
                 	LDI  R@1,HIGH(@2)
                 	.ENDM
                 
                 	.MACRO __PUTW1R
                 	MOV  R@0,R30
                 	MOV  R@1,R31
                 	.ENDM
                 
                 	.MACRO __PUTW2R
                 	MOV  R@0,R26
                 	MOV  R@1,R27
                 	.ENDM
                 
                 	.MACRO __ADDWRN
                 	SUBI R@0,LOW(-@2)
                 	SBCI R@1,HIGH(-@2)
                 	.ENDM
                 
                 	.MACRO __ADDWRR
                 	ADD  R@0,R@2
                 	ADC  R@1,R@3
                 	.ENDM
                 
                 	.MACRO __SUBWRN
                 	SUBI R@0,LOW(@2)
                 	SBCI R@1,HIGH(@2)
                 	.ENDM
                 
                 	.MACRO __SUBWRR
                 	SUB  R@0,R@2
                 	SBC  R@1,R@3
                 	.ENDM
                 
                 	.MACRO __ANDWRN
                 	ANDI R@0,LOW(@2)
                 	ANDI R@1,HIGH(@2)
                 	.ENDM
                 
                 	.MACRO __ANDWRR
                 	AND  R@0,R@2
                 	AND  R@1,R@3
                 	.ENDM
                 
                 	.MACRO __ORWRN
                 	ORI  R@0,LOW(@2)
                 	ORI  R@1,HIGH(@2)
                 	.ENDM
                 
                 	.MACRO __ORWRR
                 	OR   R@0,R@2
                 	OR   R@1,R@3
                 	.ENDM
                 
                 	.MACRO __EORWRR
                 	EOR  R@0,R@2
                 	EOR  R@1,R@3
                 	.ENDM
                 
                 	.MACRO __GETWRS
                 	LDD  R@0,Y+@2
                 	LDD  R@1,Y+@2+1
                 	.ENDM
                 
                 	.MACRO __PUTBSR
                 	STD  Y+@1,R@0
                 	.ENDM
                 
                 	.MACRO __PUTWSR
                 	STD  Y+@2,R@0
                 	STD  Y+@2+1,R@1
                 	.ENDM
                 
                 	.MACRO __MOVEWRR
                 	MOV  R@0,R@2
                 	MOV  R@1,R@3
                 	.ENDM
                 
                 	.MACRO __INWR
                 	IN   R@0,@2
                 	IN   R@1,@2+1
                 	.ENDM
                 
                 	.MACRO __OUTWR
                 	OUT  @2+1,R@1
                 	OUT  @2,R@0
                 	.ENDM
                 
                 	.MACRO __CALL1MN
                 	LDS  R30,@0+(@1)
                 	LDS  R31,@0+(@1)+1
                 	ICALL
                 	.ENDM
                 
                 	.MACRO __CALL1FN
                 	LDI  R30,LOW(2*@0+(@1))
                 	LDI  R31,HIGH(2*@0+(@1))
                 	CALL __GETW1PF
                 	ICALL
                 	.ENDM
                 
                 	.MACRO __CALL2EN
                 	PUSH R26
                 	PUSH R27
                 	LDI  R26,LOW(@0+(@1))
                 	LDI  R27,HIGH(@0+(@1))
                 	CALL __EEPROMRDW
                 	POP  R27
                 	POP  R26
                 	ICALL
                 	.ENDM
                 
                 	.MACRO __CALL2EX
                 	SUBI R26,LOW(-@0)
                 	SBCI R27,HIGH(-@0)
                 	CALL __EEPROMRDD
                 	ICALL
                 	.ENDM
                 
                 	.MACRO __GETW1STACK
                 	IN   R30,SPL
                 	IN   R31,SPH
                 	ADIW R30,@0+1
                 	LD   R0,Z+
                 	LD   R31,Z
                 	MOV  R30,R0
                 	.ENDM
                 
                 	.MACRO __GETD1STACK
                 	IN   R30,SPL
                 	IN   R31,SPH
                 	ADIW R30,@0+1
                 	LD   R0,Z+
                 	LD   R1,Z+
                 	LD   R22,Z
                 	MOVW R30,R0
                 	.ENDM
                 
                 	.MACRO __NBST
                 	BST  R@0,@1
                 	IN   R30,SREG
                 	LDI  R31,0x40
                 	EOR  R30,R31
                 	OUT  SREG,R30
                 	.ENDM
                 
                 
                 	.MACRO __PUTB1SN
                 	LDD  R26,Y+@0
                 	LDD  R27,Y+@0+1
                 	SUBI R26,LOW(-@1)
                 	SBCI R27,HIGH(-@1)
                 	ST   X,R30
                 	.ENDM
                 
                 	.MACRO __PUTW1SN
                 	LDD  R26,Y+@0
                 	LDD  R27,Y+@0+1
                 	SUBI R26,LOW(-@1)
                 	SBCI R27,HIGH(-@1)
                 	ST   X+,R30
                 	ST   X,R31
                 	.ENDM
                 
                 	.MACRO __PUTD1SN
                 	LDD  R26,Y+@0
                 	LDD  R27,Y+@0+1
                 	SUBI R26,LOW(-@1)
                 	SBCI R27,HIGH(-@1)
                 	CALL __PUTDP1
                 	.ENDM
                 
                 	.MACRO __PUTB1SNS
                 	LDD  R26,Y+@0
                 	LDD  R27,Y+@0+1
                 	ADIW R26,@1
                 	ST   X,R30
                 	.ENDM
                 
                 	.MACRO __PUTW1SNS
                 	LDD  R26,Y+@0
                 	LDD  R27,Y+@0+1
                 	ADIW R26,@1
                 	ST   X+,R30
                 	ST   X,R31
                 	.ENDM
                 
                 	.MACRO __PUTD1SNS
                 	LDD  R26,Y+@0
                 	LDD  R27,Y+@0+1
                 	ADIW R26,@1
                 	CALL __PUTDP1
                 	.ENDM
                 
                 	.MACRO __PUTB1PMN
                 	LDS  R26,@0
                 	LDS  R27,@0+1
                 	SUBI R26,LOW(-@1)
                 	SBCI R27,HIGH(-@1)
                 	ST   X,R30
                 	.ENDM
                 
                 	.MACRO __PUTW1PMN
                 	LDS  R26,@0
                 	LDS  R27,@0+1
                 	SUBI R26,LOW(-@1)
                 	SBCI R27,HIGH(-@1)
                 	ST   X+,R30
                 	ST   X,R31
                 	.ENDM
                 
                 	.MACRO __PUTD1PMN
                 	LDS  R26,@0
                 	LDS  R27,@0+1
                 	SUBI R26,LOW(-@1)
                 	SBCI R27,HIGH(-@1)
                 	CALL __PUTDP1
                 	.ENDM
                 
                 	.MACRO __PUTB1PMNS
                 	LDS  R26,@0
                 	LDS  R27,@0+1
                 	ADIW R26,@1
                 	ST   X,R30
                 	.ENDM
                 
                 	.MACRO __PUTW1PMNS
                 	LDS  R26,@0
                 	LDS  R27,@0+1
                 	ADIW R26,@1
                 	ST   X+,R30
                 	ST   X,R31
                 	.ENDM
                 
                 	.MACRO __PUTD1PMNS
                 	LDS  R26,@0
                 	LDS  R27,@0+1
                 	ADIW R26,@1
                 	CALL __PUTDP1
                 	.ENDM
                 
                 	.MACRO __PUTB1RN
                 	MOVW R26,R@0
                 	SUBI R26,LOW(-@1)
                 	SBCI R27,HIGH(-@1)
                 	ST   X,R30
                 	.ENDM
                 
                 	.MACRO __PUTW1RN
                 	MOVW R26,R@0
                 	SUBI R26,LOW(-@1)
                 	SBCI R27,HIGH(-@1)
                 	ST   X+,R30
                 	ST   X,R31
                 	.ENDM
                 
                 	.MACRO __PUTD1RN
                 	MOVW R26,R@0
                 	SUBI R26,LOW(-@1)
                 	SBCI R27,HIGH(-@1)
                 	CALL __PUTDP1
                 	.ENDM
                 
                 	.MACRO __PUTB1RNS
                 	MOVW R26,R@0
                 	ADIW R26,@1
                 	ST   X,R30
                 	.ENDM
                 
                 	.MACRO __PUTW1RNS
                 	MOVW R26,R@0
                 	ADIW R26,@1
                 	ST   X+,R30
                 	ST   X,R31
                 	.ENDM
                 
                 	.MACRO __PUTD1RNS
                 	MOVW R26,R@0
                 	ADIW R26,@1
                 	CALL __PUTDP1
                 	.ENDM
                 
                 	.MACRO __PUTB1RON
                 	MOV  R26,R@0
                 	MOV  R27,R@1
                 	SUBI R26,LOW(-@2)
                 	SBCI R27,HIGH(-@2)
                 	ST   X,R30
                 	.ENDM
                 
                 	.MACRO __PUTW1RON
                 	MOV  R26,R@0
                 	MOV  R27,R@1
                 	SUBI R26,LOW(-@2)
                 	SBCI R27,HIGH(-@2)
                 	ST   X+,R30
                 	ST   X,R31
                 	.ENDM
                 
                 	.MACRO __PUTD1RON
                 	MOV  R26,R@0
                 	MOV  R27,R@1
                 	SUBI R26,LOW(-@2)
                 	SBCI R27,HIGH(-@2)
                 	CALL __PUTDP1
                 	.ENDM
                 
                 	.MACRO __PUTB1RONS
                 	MOV  R26,R@0
                 	MOV  R27,R@1
                 	ADIW R26,@2
                 	ST   X,R30
                 	.ENDM
                 
                 	.MACRO __PUTW1RONS
                 	MOV  R26,R@0
                 	MOV  R27,R@1
                 	ADIW R26,@2
                 	ST   X+,R30
                 	ST   X,R31
                 	.ENDM
                 
                 	.MACRO __PUTD1RONS
                 	MOV  R26,R@0
                 	MOV  R27,R@1
                 	ADIW R26,@2
                 	CALL __PUTDP1
                 	.ENDM
                 
                 
                 	.MACRO __GETB1SX
                 	MOVW R30,R28
                 	SUBI R30,LOW(-@0)
                 	SBCI R31,HIGH(-@0)
                 	LD   R30,Z
                 	.ENDM
                 
                 	.MACRO __GETB1HSX
                 	MOVW R30,R28
                 	SUBI R30,LOW(-@0)
                 	SBCI R31,HIGH(-@0)
                 	LD   R31,Z
                 	.ENDM
                 
                 	.MACRO __GETW1SX
                 	MOVW R30,R28
                 	SUBI R30,LOW(-@0)
                 	SBCI R31,HIGH(-@0)
                 	LD   R0,Z+
                 	LD   R31,Z
                 	MOV  R30,R0
                 	.ENDM
                 
                 	.MACRO __GETD1SX
                 	MOVW R30,R28
                 	SUBI R30,LOW(-@0)
                 	SBCI R31,HIGH(-@0)
                 	LD   R0,Z+
                 	LD   R1,Z+
                 	LD   R22,Z+
                 	LD   R23,Z
                 	MOVW R30,R0
                 	.ENDM
                 
                 	.MACRO __GETB2SX
                 	MOVW R26,R28
                 	SUBI R26,LOW(-@0)
                 	SBCI R27,HIGH(-@0)
                 	LD   R26,X
                 	.ENDM
                 
                 	.MACRO __GETW2SX
                 	MOVW R26,R28
                 	SUBI R26,LOW(-@0)
                 	SBCI R27,HIGH(-@0)
                 	LD   R0,X+
                 	LD   R27,X
                 	MOV  R26,R0
                 	.ENDM
                 
                 	.MACRO __GETD2SX
                 	MOVW R26,R28
                 	SUBI R26,LOW(-@0)
                 	SBCI R27,HIGH(-@0)
                 	LD   R0,X+
                 	LD   R1,X+
                 	LD   R24,X+
                 	LD   R25,X
                 	MOVW R26,R0
                 	.ENDM
                 
                 	.MACRO __GETBRSX
                 	MOVW R30,R28
                 	SUBI R30,LOW(-@1)
                 	SBCI R31,HIGH(-@1)
                 	LD   R@0,Z
                 	.ENDM
                 
                 	.MACRO __GETWRSX
                 	MOVW R30,R28
                 	SUBI R30,LOW(-@2)
                 	SBCI R31,HIGH(-@2)
                 	LD   R@0,Z+
                 	LD   R@1,Z
                 	.ENDM
                 
                 	.MACRO __GETBRSX2
                 	MOVW R26,R28
                 	SUBI R26,LOW(-@1)
                 	SBCI R27,HIGH(-@1)
                 	LD   R@0,X
                 	.ENDM
                 
                 	.MACRO __GETWRSX2
                 	MOVW R26,R28
                 	SUBI R26,LOW(-@2)
                 	SBCI R27,HIGH(-@2)
                 	LD   R@0,X+
                 	LD   R@1,X
                 	.ENDM
                 
                 	.MACRO __LSLW8SX
                 	MOVW R30,R28
                 	SUBI R30,LOW(-@0)
                 	SBCI R31,HIGH(-@0)
                 	LD   R31,Z
                 	CLR  R30
                 	.ENDM
                 
                 	.MACRO __PUTB1SX
                 	MOVW R26,R28
                 	SUBI R26,LOW(-@0)
                 	SBCI R27,HIGH(-@0)
                 	ST   X,R30
                 	.ENDM
                 
                 	.MACRO __PUTW1SX
                 	MOVW R26,R28
                 	SUBI R26,LOW(-@0)
                 	SBCI R27,HIGH(-@0)
                 	ST   X+,R30
                 	ST   X,R31
                 	.ENDM
                 
                 	.MACRO __PUTD1SX
                 	MOVW R26,R28
                 	SUBI R26,LOW(-@0)
                 	SBCI R27,HIGH(-@0)
                 	ST   X+,R30
                 	ST   X+,R31
                 	ST   X+,R22
                 	ST   X,R23
                 	.ENDM
                 
                 	.MACRO __CLRW1SX
                 	MOVW R26,R28
                 	SUBI R26,LOW(-@0)
                 	SBCI R27,HIGH(-@0)
                 	ST   X+,R30
                 	ST   X,R30
                 	.ENDM
                 
                 	.MACRO __CLRD1SX
                 	MOVW R26,R28
                 	SUBI R26,LOW(-@0)
                 	SBCI R27,HIGH(-@0)
                 	ST   X+,R30
                 	ST   X+,R30
                 	ST   X+,R30
                 	ST   X,R30
                 	.ENDM
                 
                 	.MACRO __PUTB2SX
                 	MOVW R30,R28
                 	SUBI R30,LOW(-@0)
                 	SBCI R31,HIGH(-@0)
                 	ST   Z,R26
                 	.ENDM
                 
                 	.MACRO __PUTW2SX
                 	MOVW R30,R28
                 	SUBI R30,LOW(-@0)
                 	SBCI R31,HIGH(-@0)
                 	ST   Z+,R26
                 	ST   Z,R27
                 	.ENDM
                 
                 	.MACRO __PUTD2SX
                 	MOVW R30,R28
                 	SUBI R30,LOW(-@0)
                 	SBCI R31,HIGH(-@0)
                 	ST   Z+,R26
                 	ST   Z+,R27
                 	ST   Z+,R24
                 	ST   Z,R25
                 	.ENDM
                 
                 	.MACRO __PUTBSRX
                 	MOVW R30,R28
                 	SUBI R30,LOW(-@1)
                 	SBCI R31,HIGH(-@1)
                 	ST   Z,R@0
                 	.ENDM
                 
                 	.MACRO __PUTWSRX
                 	MOVW R30,R28
                 	SUBI R30,LOW(-@2)
                 	SBCI R31,HIGH(-@2)
                 	ST   Z+,R@0
                 	ST   Z,R@1
                 	.ENDM
                 
                 	.MACRO __PUTB1SNX
                 	MOVW R26,R28
                 	SUBI R26,LOW(-@0)
                 	SBCI R27,HIGH(-@0)
                 	LD   R0,X+
                 	LD   R27,X
                 	MOV  R26,R0
                 	SUBI R26,LOW(-@1)
                 	SBCI R27,HIGH(-@1)
                 	ST   X,R30
                 	.ENDM
                 
                 	.MACRO __PUTW1SNX
                 	MOVW R26,R28
                 	SUBI R26,LOW(-@0)
                 	SBCI R27,HIGH(-@0)
                 	LD   R0,X+
                 	LD   R27,X
                 	MOV  R26,R0
                 	SUBI R26,LOW(-@1)
                 	SBCI R27,HIGH(-@1)
                 	ST   X+,R30
                 	ST   X,R31
                 	.ENDM
                 
                 	.MACRO __PUTD1SNX
                 	MOVW R26,R28
                 	SUBI R26,LOW(-@0)
                 	SBCI R27,HIGH(-@0)
                 	LD   R0,X+
                 	LD   R27,X
                 	MOV  R26,R0
                 	SUBI R26,LOW(-@1)
                 	SBCI R27,HIGH(-@1)
                 	ST   X+,R30
                 	ST   X+,R31
                 	ST   X+,R22
                 	ST   X,R23
                 	.ENDM
                 
                 	.MACRO __MULBRR
                 	MULS R@0,R@1
                 	MOVW R30,R0
                 	.ENDM
                 
                 	.MACRO __MULBRRU
                 	MUL  R@0,R@1
                 	MOVW R30,R0
                 	.ENDM
                 
                 	.MACRO __MULBRR0
                 	MULS R@0,R@1
                 	.ENDM
                 
                 	.MACRO __MULBRRU0
                 	MUL  R@0,R@1
                 	.ENDM
                 
                 	.MACRO __MULBNWRU
                 	LDI  R26,@2
                 	MUL  R26,R@0
                 	MOVW R30,R0
                 	MUL  R26,R@1
                 	ADD  R31,R0
                 	.ENDM
                 
                 ;NAME DEFINITIONS FOR GLOBAL VARIABLES ALLOCATED TO REGISTERS
                 	.DEF __lcd_x=R5
                 	.DEF __lcd_y=R4
                 	.DEF __lcd_maxx=R7
                 
                 	.CSEG
                 	.ORG 0x00
                 
                 ;START OF CODE MARKER
                 __START_OF_CODE:
                 
                 ;INTERRUPT VECTORS
000000 940c 003f 	JMP  __RESET
000002 940c 0000 	JMP  0x00
000004 940c 0000 	JMP  0x00
000006 940c 0000 	JMP  0x00
000008 940c 0000 	JMP  0x00
00000a 940c 0077 	JMP  _timer1_capt_isr
00000c 940c 0000 	JMP  0x00
00000e 940c 0000 	JMP  0x00
000010 940c 006c 	JMP  _timer1_ovf_isr
000012 940c 0000 	JMP  0x00
000014 940c 0000 	JMP  0x00
000016 940c 0000 	JMP  0x00
000018 940c 0000 	JMP  0x00
00001a 940c 0000 	JMP  0x00
00001c 940c 0000 	JMP  0x00
00001e 940c 0000 	JMP  0x00
000020 940c 0000 	JMP  0x00
000022 940c 0000 	JMP  0x00
000024 940c 0000 	JMP  0x00
000026 940c 0000 	JMP  0x00
000028 940c 0000 	JMP  0x00
                 
                 _tbl10_G100:
00002a 2710
00002b 03e8
00002c 0064
00002d 000a      	.DB  0x10,0x27,0xE8,0x3,0x64,0x0,0xA,0x0
00002e 0001      	.DB  0x1,0x0
                 _tbl16_G100:
00002f 1000
000030 0100
000031 0010
000032 0001      	.DB  0x0,0x10,0x0,0x1,0x10,0x0,0x1,0x0
                 
                 _0x20012:
000033 3030
000034 0000
000035 0000
000036 0000      	.DB  0x30,0x30,0x0,0x0,0x0,0x0,0x0,0x0
000037 0000      	.DB  0x0,0x0
                 _0x20000:
000038 6425
C:\Users\user\Desktop\AZ5_AshkanHashemi-9830113\code_Vision\AZ5_Q6\Debug\List\Q6.asm(1131): warning: .cseg .db misalignment - padding zero byte
000039 0000      	.DB  0x25,0x64,0x0
                 _0x2020003:
00003a c080      	.DB  0x80,0xC0
                 
                 __GLOBAL_INI_TBL:
00003b 0002      	.DW  0x02
00003c 016a      	.DW  __base_y_G101
00003d 0074      	.DW  _0x2020003*2
                 
                 _0xFFFFFFFF:
00003e 0000      	.DW  0
                 
                 #define __GLOBAL_INI_TBL_PRESENT 1
                 
                 __RESET:
00003f 94f8      	CLI
000040 27ee      	CLR  R30
000041 bbec      	OUT  EECR,R30
                 
                 ;INTERRUPT VECTORS ARE PLACED
                 ;AT THE START OF FLASH
000042 e0f1      	LDI  R31,1
000043 bffb      	OUT  GICR,R31
000044 bfeb      	OUT  GICR,R30
000045 bfe5      	OUT  MCUCR,R30
                 
                 ;CLEAR R2-R14
000046 e08d      	LDI  R24,(14-2)+1
000047 e0a2      	LDI  R26,2
000048 27bb      	CLR  R27
                 __CLEAR_REG:
000049 93ed      	ST   X+,R30
00004a 958a      	DEC  R24
00004b f7e9      	BRNE __CLEAR_REG
                 
                 ;CLEAR SRAM
00004c e080      	LDI  R24,LOW(__CLEAR_SRAM_SIZE)
00004d e094      	LDI  R25,HIGH(__CLEAR_SRAM_SIZE)
00004e e6a0      	LDI  R26,__SRAM_START
                 __CLEAR_SRAM:
00004f 93ed      	ST   X+,R30
000050 9701      	SBIW R24,1
000051 f7e9      	BRNE __CLEAR_SRAM
                 
                 ;GLOBAL VARIABLES INITIALIZATION
000052 e7e6      	LDI  R30,LOW(__GLOBAL_INI_TBL*2)
000053 e0f0      	LDI  R31,HIGH(__GLOBAL_INI_TBL*2)
                 __GLOBAL_INI_NEXT:
000054 9185      	LPM  R24,Z+
000055 9195      	LPM  R25,Z+
000056 9700      	SBIW R24,0
000057 f061      	BREQ __GLOBAL_INI_END
000058 91a5      	LPM  R26,Z+
000059 91b5      	LPM  R27,Z+
00005a 9005      	LPM  R0,Z+
00005b 9015      	LPM  R1,Z+
00005c 01bf      	MOVW R22,R30
00005d 01f0      	MOVW R30,R0
                 __GLOBAL_INI_LOOP:
00005e 9005      	LPM  R0,Z+
00005f 920d      	ST   X+,R0
000060 9701      	SBIW R24,1
000061 f7e1      	BRNE __GLOBAL_INI_LOOP
000062 01fb      	MOVW R30,R22
000063 cff0      	RJMP __GLOBAL_INI_NEXT
                 __GLOBAL_INI_END:
                 
                 ;HARDWARE STACK POINTER INITIALIZATION
000064 e5ef      	LDI  R30,LOW(__SRAM_END-__HEAP_SIZE)
000065 bfed      	OUT  SPL,R30
000066 e0e4      	LDI  R30,HIGH(__SRAM_END-__HEAP_SIZE)
000067 bfee      	OUT  SPH,R30
                 
                 ;DATA STACK POINTER INITIALIZATION
000068 e6c0      	LDI  R28,LOW(__SRAM_START+__DSTACK_SIZE)
000069 e0d1      	LDI  R29,HIGH(__SRAM_START+__DSTACK_SIZE)
                 
00006a 940c 0093 	JMP  _main
                 
                 	.ESEG
                 	.ORG 0
                 
                 	.DSEG
                 	.ORG 0x160
                 
                 	.CSEG
                 ;/*******************************************************
                 ;This program was created by the
                 ;CodeWizardAVR V3.12 Advanced
                 ;Automatic Program Generator
                 ;© Copyright 1998-2014 Pavel Haiduc, HP InfoTech s.r.l.
                 ;http://www.hpinfotech.com
                 ;
                 ;Project :
                 ;Version :
                 ;Date    : 11/5/2022
                 ;Author  :
                 ;Company :
                 ;Comments:
                 ;
                 ;
                 ;Chip type               : ATmega16
                 ;Program type            : Application
                 ;AVR Core Clock frequency: 8.000000 MHz
                 ;Memory model            : Small
                 ;External RAM size       : 0
                 ;Data Stack size         : 256
                 ;*******************************************************/
                 ;
                 ;#include <HeaderFiles.h>
                 	#ifndef __SLEEP_DEFINED__
                 	#define __SLEEP_DEFINED__
                 	.EQU __se_bit=0x40
                 	.EQU __sm_mask=0xB0
                 	.EQU __sm_powerdown=0x20
                 	.EQU __sm_powersave=0x30
                 	.EQU __sm_standby=0xA0
                 	.EQU __sm_ext_standby=0xB0
                 	.EQU __sm_adc_noise_red=0x10
                 	.SET power_ctrl_reg=mcucr
                 	#endif
                 ;
                 ;int control=0;
                 ;int ICR_Data,ICR_Hold,Spacetime,Spacetime_Hold;
                 ;
                 ;// Declare your global variables here
                 ;
                 ;// Timer1 overflow interrupt service routine
                 ;interrupt [TIM1_OVF] void timer1_ovf_isr(void)
                 ; 0000 0021 {
                 
                 	.CSEG
                 _timer1_ovf_isr:
                 ; .FSTART _timer1_ovf_isr
00006c 93ea      	ST   -Y,R30
00006d 93fa      	ST   -Y,R31
                 ; 0000 0022 // Place your code here
                 ; 0000 0023    control=1;
00006e e0e1      	LDI  R30,LOW(1)
00006f e0f0      	LDI  R31,HIGH(1)
000070 93e0 0160 	STS  _control,R30
000072 93f0 0161 	STS  _control+1,R31
                 ; 0000 0024 }
000074 91f9      	LD   R31,Y+
000075 91e9      	LD   R30,Y+
000076 9518      	RETI
                 ; .FEND
                 ;
                 ;// Timer1 input capture interrupt service routine
                 ;interrupt [TIM1_CAPT] void timer1_capt_isr(void)
                 ; 0000 0028 {
                 _timer1_capt_isr:
                 ; .FSTART _timer1_capt_isr
000077 920a      	ST   -Y,R0
000078 921a      	ST   -Y,R1
000079 92fa      	ST   -Y,R15
00007a 936a      	ST   -Y,R22
00007b 937a      	ST   -Y,R23
00007c 938a      	ST   -Y,R24
00007d 939a      	ST   -Y,R25
00007e 93aa      	ST   -Y,R26
00007f 93ba      	ST   -Y,R27
000080 93ea      	ST   -Y,R30
000081 93fa      	ST   -Y,R31
000082 b7ef      	IN   R30,SREG
000083 93ea      	ST   -Y,R30
                 ; 0000 0029 // Place your code here
                 ; 0000 002A Q6_Speedmeter();
000084 d03d      	RCALL _Q6_Speedmeter
                 ; 0000 002B }
000085 91e9      	LD   R30,Y+
000086 bfef      	OUT  SREG,R30
000087 91f9      	LD   R31,Y+
000088 91e9      	LD   R30,Y+
000089 91b9      	LD   R27,Y+
00008a 91a9      	LD   R26,Y+
00008b 9199      	LD   R25,Y+
00008c 9189      	LD   R24,Y+
00008d 9179      	LD   R23,Y+
00008e 9169      	LD   R22,Y+
00008f 90f9      	LD   R15,Y+
000090 9019      	LD   R1,Y+
000091 9009      	LD   R0,Y+
000092 9518      	RETI
                 ; .FEND
                 ;
                 ;void main(void)
                 ; 0000 002E {
                 _main:
                 ; .FSTART _main
                 ; 0000 002F // Declare your local variables here
                 ; 0000 0030 
                 ; 0000 0031 // Input/Output Ports initialization
                 ; 0000 0032 // Port A initialization
                 ; 0000 0033 // Function: Bit7=In Bit6=In Bit5=In Bit4=In Bit3=In Bit2=In Bit1=In Bit0=In
                 ; 0000 0034 DDRA=(0<<DDA7) | (0<<DDA6) | (0<<DDA5) | (0<<DDA4) | (0<<DDA3) | (0<<DDA2) | (0<<DDA1) | (0<<DDA0);
000093 e0e0      	LDI  R30,LOW(0)
000094 bbea      	OUT  0x1A,R30
                 ; 0000 0035 // State: Bit7=T Bit6=T Bit5=T Bit4=T Bit3=T Bit2=T Bit1=T Bit0=T
                 ; 0000 0036 PORTA=(0<<PORTA7) | (0<<PORTA6) | (0<<PORTA5) | (0<<PORTA4) | (0<<PORTA3) | (0<<PORTA2) | (0<<PORTA1) | (0<<PORTA0);
000095 bbeb      	OUT  0x1B,R30
                 ; 0000 0037 
                 ; 0000 0038 // Port B initialization
                 ; 0000 0039 // Function: Bit7=In Bit6=In Bit5=In Bit4=In Bit3=Out Bit2=In Bit1=In Bit0=In
                 ; 0000 003A DDRB=(0<<DDB7) | (0<<DDB6) | (0<<DDB5) | (0<<DDB4) | (1<<DDB3) | (0<<DDB2) | (0<<DDB1) | (0<<DDB0);
000096 e0e8      	LDI  R30,LOW(8)
000097 bbe7      	OUT  0x17,R30
                 ; 0000 003B // State: Bit7=T Bit6=T Bit5=T Bit4=T Bit3=0 Bit2=T Bit1=T Bit0=T
                 ; 0000 003C PORTB=(0<<PORTB7) | (0<<PORTB6) | (0<<PORTB5) | (0<<PORTB4) | (0<<PORTB3) | (0<<PORTB2) | (0<<PORTB1) | (0<<PORTB0);
000098 e0e0      	LDI  R30,LOW(0)
000099 bbe8      	OUT  0x18,R30
                 ; 0000 003D 
                 ; 0000 003E // Port C initialization
                 ; 0000 003F // Function: Bit7=In Bit6=In Bit5=In Bit4=In Bit3=In Bit2=In Bit1=In Bit0=In
                 ; 0000 0040 DDRC=(0<<DDC7) | (0<<DDC6) | (0<<DDC5) | (0<<DDC4) | (0<<DDC3) | (0<<DDC2) | (0<<DDC1) | (0<<DDC0);
00009a bbe4      	OUT  0x14,R30
                 ; 0000 0041 // State: Bit7=T Bit6=T Bit5=T Bit4=T Bit3=T Bit2=T Bit1=T Bit0=T
                 ; 0000 0042 PORTC=(0<<PORTC7) | (0<<PORTC6) | (0<<PORTC5) | (0<<PORTC4) | (0<<PORTC3) | (0<<PORTC2) | (0<<PORTC1) | (0<<PORTC0);
00009b bbe5      	OUT  0x15,R30
                 ; 0000 0043 
                 ; 0000 0044 // Port D initialization
                 ; 0000 0045 // Function: Bit7=In Bit6=In Bit5=In Bit4=In Bit3=In Bit2=In Bit1=In Bit0=In
                 ; 0000 0046 DDRD=(0<<DDD7) | (0<<DDD6) | (0<<DDD5) | (0<<DDD4) | (0<<DDD3) | (0<<DDD2) | (0<<DDD1) | (0<<DDD0);
00009c bbe1      	OUT  0x11,R30
                 ; 0000 0047 // State: Bit7=T Bit6=T Bit5=T Bit4=T Bit3=T Bit2=T Bit1=T Bit0=T
                 ; 0000 0048 PORTD=(0<<PORTD7) | (0<<PORTD6) | (0<<PORTD5) | (0<<PORTD4) | (0<<PORTD3) | (0<<PORTD2) | (0<<PORTD1) | (0<<PORTD0);
00009d bbe2      	OUT  0x12,R30
                 ; 0000 0049 
                 ; 0000 004A // Timer/Counter 0 initialization
                 ; 0000 004B // Clock source: System Clock
                 ; 0000 004C // Clock value: 125.000 kHz
                 ; 0000 004D // Mode: Fast PWM top=0xFF
                 ; 0000 004E // OC0 output: Non-Inverted PWM
                 ; 0000 004F // Timer Period: 2.048 ms
                 ; 0000 0050 // Output Pulse(s):
                 ; 0000 0051 // OC0 Period: 2.048 ms Width: 0 us
                 ; 0000 0052 TCCR0=(1<<WGM00) | (1<<COM01) | (0<<COM00) | (1<<WGM01) | (0<<CS02) | (1<<CS01) | (1<<CS00);
00009e e6eb      	LDI  R30,LOW(107)
00009f bfe3      	OUT  0x33,R30
                 ; 0000 0053 TCNT0=0x00;
0000a0 e0e0      	LDI  R30,LOW(0)
0000a1 bfe2      	OUT  0x32,R30
                 ; 0000 0054 OCR0=0x00;
0000a2 bfec      	OUT  0x3C,R30
                 ; 0000 0055 
                 ; 0000 0056 // Timer/Counter 1 initialization
                 ; 0000 0057 // Clock source: System Clock
                 ; 0000 0058 // Clock value: 1000.000 kHz
                 ; 0000 0059 // Mode: Normal top=0xFFFF
                 ; 0000 005A // OC1A output: Disconnected
                 ; 0000 005B // OC1B output: Disconnected
                 ; 0000 005C // Noise Canceler: On
                 ; 0000 005D // Input Capture on Rising Edge
                 ; 0000 005E // Timer Period: 65.536 ms
                 ; 0000 005F // Timer1 Overflow Interrupt: On
                 ; 0000 0060 // Input Capture Interrupt: On
                 ; 0000 0061 // Compare A Match Interrupt: Off
                 ; 0000 0062 // Compare B Match Interrupt: Off
                 ; 0000 0063 TCCR1A=(0<<COM1A1) | (0<<COM1A0) | (0<<COM1B1) | (0<<COM1B0) | (0<<WGM11) | (0<<WGM10);
0000a3 bdef      	OUT  0x2F,R30
                 ; 0000 0064 TCCR1B=(1<<ICNC1) | (1<<ICES1) | (0<<WGM13) | (0<<WGM12) | (0<<CS12) | (1<<CS11) | (0<<CS10);
0000a4 ece2      	LDI  R30,LOW(194)
0000a5 bdee      	OUT  0x2E,R30
                 ; 0000 0065 TCNT1H=0x00;
0000a6 e0e0      	LDI  R30,LOW(0)
0000a7 bded      	OUT  0x2D,R30
                 ; 0000 0066 TCNT1L=0x00;
0000a8 bdec      	OUT  0x2C,R30
                 ; 0000 0067 ICR1H=0x00;
0000a9 bde7      	OUT  0x27,R30
                 ; 0000 0068 ICR1L=0x00;
0000aa bde6      	OUT  0x26,R30
                 ; 0000 0069 OCR1AH=0x00;
0000ab bdeb      	OUT  0x2B,R30
                 ; 0000 006A OCR1AL=0x00;
0000ac bdea      	OUT  0x2A,R30
                 ; 0000 006B OCR1BH=0x00;
0000ad bde9      	OUT  0x29,R30
                 ; 0000 006C OCR1BL=0x00;
0000ae bde8      	OUT  0x28,R30
                 ; 0000 006D 
                 ; 0000 006E // Timer(s)/Counter(s) Interrupt(s) initialization
                 ; 0000 006F TIMSK=(0<<OCIE2) | (0<<TOIE2) | (1<<TICIE1) | (0<<OCIE1A) | (0<<OCIE1B) | (1<<TOIE1) | (0<<OCIE0) | (0<<TOIE0);
0000af e2e4      	LDI  R30,LOW(36)
0000b0 bfe9      	OUT  0x39,R30
                 ; 0000 0070 
                 ; 0000 0071 // Alphanumeric LCD initialization
                 ; 0000 0072 // Connections are specified in the
                 ; 0000 0073 // Project|Configure|C Compiler|Libraries|Alphanumeric LCD menu:
                 ; 0000 0074 // RS - PORTC Bit 0
                 ; 0000 0075 // RD - PORTC Bit 1
                 ; 0000 0076 // EN - PORTC Bit 2
                 ; 0000 0077 // D4 - PORTC Bit 4
                 ; 0000 0078 // D5 - PORTC Bit 5
                 ; 0000 0079 // D6 - PORTC Bit 6
                 ; 0000 007A // D7 - PORTC Bit 7
                 ; 0000 007B // Characters/line: 16
                 ; 0000 007C lcd_init(16);
0000b1 e1a0      	LDI  R26,LOW(16)
0000b2 940e 0353 	CALL _lcd_init
                 ; 0000 007D 
                 ; 0000 007E // Global enable interrupts
                 ; 0000 007F #asm("sei")
0000b4 9478      	sei
                 ; 0000 0080 while (1)
                 _0x3:
                 ; 0000 0081       {
                 ; 0000 0082       // Place your code here
                 ; 0000 0083          Q4_Function();
0000b5 d002      	RCALL _Q4_Function
                 ; 0000 0084       }
0000b6 cffe      	RJMP _0x3
                 ; 0000 0085 }
                 _0x6:
0000b7 cfff      	RJMP _0x6
                 ; .FEND
                 ;
                 ;//q1 Student name and ID in 2 lines
                 ;//q2 "Welcome to the Microprocessor lab classes in Isfahan University of Technology"
                 ;#include <HeaderFiles.h>
                 	#ifndef __SLEEP_DEFINED__
                 	#endif
                 ;
                 ;
                 ;/*
                 ;
                 ;pwm Duty.C:  10     30    50     70    90
                 ;Speed(rpm) :
                 ;Ocr       :  1A     4D   80     B2    E5
                 ;
                 ;*/
                 ;void Q2_Function(int DutyCycle){
                 ; 0001 000D void Q2_Function(int DutyCycle){
                 
                 	.CSEG
                 ; 0001 000E     if(DutyCycle==10){OCR0=0x1A;}
                 ;	DutyCycle -> Y+0
                 ; 0001 000F     else if(DutyCycle==30){OCR0=0x4D;}
                 ; 0001 0010     else if(DutyCycle==50){OCR0=0x80;}
                 ; 0001 0011     else if(DutyCycle==70){OCR0=0xB2;}
                 ; 0001 0012     else if(DutyCycle==90){OCR0=0xE5;}
                 ; 0001 0013     else{OCR0=0x00;}
                 ; 0001 0014 
                 ; 0001 0015 }
                 ;
                 ;void Q4_Function(){
                 ; 0001 0017 void Q4_Function(){
                 _Q4_Function:
                 ; .FSTART _Q4_Function
                 ; 0001 0018 
                 ; 0001 0019       int ocrValue=255;
                 ; 0001 001A       ocrValue=PINA;
0000b8 931a      	ST   -Y,R17
0000b9 930a      	ST   -Y,R16
                 ;	ocrValue -> R16,R17
                +
0000ba ef0f     +LDI R16 , LOW ( 255 )
0000bb e010     +LDI R17 , HIGH ( 255 )
                 	__GETWRN 16,17,255
0000bc b309      	IN   R16,25
0000bd 2711      	CLR  R17
                 ; 0001 001B       OCR0=ocrValue;
0000be bf0c      	OUT  0x3C,R16
                 ; 0001 001C 
                 ; 0001 001D 
                 ; 0001 001E }
0000bf 9109      	LD   R16,Y+
0000c0 9119      	LD   R17,Y+
0000c1 9508      	RET
                 ; .FEND
                 ;
                 ;void Q5_function_TwoPhase()
                 ; 0001 0021 {
                 ; 0001 0022 
                 ; 0001 0023         delay_ms(1000);
                 ; 0001 0024         PORTB=0x30;
                 ; 0001 0025         delay_ms(1000);
                 ; 0001 0026         PORTB=0x60;
                 ; 0001 0027         delay_ms(1000);
                 ; 0001 0028         PORTB=0xc0;
                 ; 0001 0029         delay_ms(1000);
                 ; 0001 002A         PORTB=0x90;
                 ; 0001 002B 
                 ; 0001 002C 
                 ; 0001 002D 
                 ; 0001 002E }
                 ;
                 ;void TurnOFF_AllTimers(){
                 ; 0001 0030 void TurnOFF_AllTimers(){
                 ; 0001 0031 
                 ; 0001 0032     TCCR0=(0<<WGM00) | (0<<COM01) | (0<<COM00) | (0<<WGM01) | (0<<CS02) | (0<<CS01) | (0<<CS00);
                 ; 0001 0033 
                 ; 0001 0034     TCCR1A=(0<<COM1A1) | (0<<COM1A0) | (0<<COM1B1) | (0<<COM1B0) | (0<<WGM11) | (0<<WGM10);
                 ; 0001 0035     TCCR1B=(0<<ICNC1) | (0<<ICES1) | (0<<WGM13) | (0<<WGM12) | (0<<CS12) | (0<<CS11) | (0<<CS10);
                 ; 0001 0036 
                 ; 0001 0037 
                 ; 0001 0038     TCCR2=(0<<PWM2) | (0<<COM21) | (0<<COM20) | (0<<CTC2) | (0<<CS22) | (0<<CS21) | (0<<CS20);
                 ; 0001 0039 
                 ; 0001 003A 
                 ; 0001 003B }
                 ;void turnOn_SelectedTimer(int SelectTimer)
                 ; 0001 003D {
                 ; 0001 003E 
                 ; 0001 003F 
                 ; 0001 0040     if(SelectTimer==0){
                 ;	SelectTimer -> Y+0
                 ; 0001 0041      TCCR0=(1<<WGM00) | (1<<COM01) | (0<<COM00) | (1<<WGM01) | (0<<CS02) | (1<<CS01) | (0<<CS00);
                 ; 0001 0042     }
                 ; 0001 0043     else if(SelectTimer==1){
                 ; 0001 0044 
                 ; 0001 0045            // TCCR1B =  (0<<CS12)| (1<<CS11)| (0<<CS10);  //1Mhz  -> Period = 1.024 ms
                 ; 0001 0046 
                 ; 0001 0047     }
                 ; 0001 0048     else if(SelectTimer==2){
                 ; 0001 0049          TCCR2=(0<<PWM2) | (0<<COM21) | (0<<COM20) | (0<<CTC2) | (0<<CS22) | (1<<CS21) | (0<<CS20);
                 ; 0001 004A     }
                 ; 0001 004B }
                 ;void Q6_Speedmeter(){
                 ; 0001 004C void Q6_Speedmeter(){
                 _Q6_Speedmeter:
                 ; .FSTART _Q6_Speedmeter
                 ; 0001 004D       int dataL,dataH;
                 ; 0001 004E       char Speed_display[10]="00";
                 ; 0001 004F       if(control==1)
0000c2 972a      	SBIW R28,10
0000c3 e08a      	LDI  R24,10
0000c4 e0a0      	LDI  R26,LOW(0)
0000c5 e0b0      	LDI  R27,HIGH(0)
0000c6 e6e6      	LDI  R30,LOW(_0x20012*2)
0000c7 e0f0      	LDI  R31,HIGH(_0x20012*2)
0000c8 940e 045f 	CALL __INITLOCB
0000ca 940e 0453 	CALL __SAVELOCR4
                 ;	dataL -> R16,R17
                 ;	dataH -> R18,R19
                 ;	Speed_display -> Y+4
0000cc 91a0 0160 	LDS  R26,_control
0000ce 91b0 0161 	LDS  R27,_control+1
0000d0 9711      	SBIW R26,1
0000d1 f461      	BRNE _0x20013
                 ; 0001 0050       {
                 ; 0001 0051           control=0;
0000d2 e0e0      	LDI  R30,LOW(0)
0000d3 93e0 0160 	STS  _control,R30
0000d5 93e0 0161 	STS  _control+1,R30
                 ; 0001 0052           dataL=ICR1L;
0000d7 b506      	IN   R16,38
0000d8 2711      	CLR  R17
                 ; 0001 0053           dataH=ICR1H;
0000d9 b527      	IN   R18,39
0000da 2733      	CLR  R19
                 ; 0001 0054           ICR_Data=(dataH<<8 |dataL)>>2;
0000db 940e 039a 	CALL SUBOPT_0x0
                 ; 0001 0055       }
                 ; 0001 0056       else
0000dd c024      	RJMP _0x20014
                 _0x20013:
                 ; 0001 0057       {
                 ; 0001 0058           dataL=ICR1L;
0000de b506      	IN   R16,38
0000df 2711      	CLR  R17
                 ; 0001 0059           dataH=ICR1H;
0000e0 b527      	IN   R18,39
0000e1 2733      	CLR  R19
                 ; 0001 005A           ICR_Hold=ICR_Data;
0000e2 91e0 0162 	LDS  R30,_ICR_Data
0000e4 91f0 0163 	LDS  R31,_ICR_Data+1
0000e6 93e0 0164 	STS  _ICR_Hold,R30
0000e8 93f0 0165 	STS  _ICR_Hold+1,R31
                 ; 0001 005B           ICR_Data=(dataH<<8 |dataL)>>2;
0000ea 940e 039a 	CALL SUBOPT_0x0
                 ; 0001 005C           Spacetime_Hold=Spacetime;
0000ec 91e0 0166 	LDS  R30,_Spacetime
0000ee 91f0 0167 	LDS  R31,_Spacetime+1
0000f0 93e0 0168 	STS  _Spacetime_Hold,R30
0000f2 93f0 0169 	STS  _Spacetime_Hold+1,R31
                 ; 0001 005D           Spacetime=ICR_Data-ICR_Hold;
0000f4 91a0 0164 	LDS  R26,_ICR_Hold
0000f6 91b0 0165 	LDS  R27,_ICR_Hold+1
0000f8 91e0 0162 	LDS  R30,_ICR_Data
0000fa 91f0 0163 	LDS  R31,_ICR_Data+1
0000fc 1bea      	SUB  R30,R26
0000fd 0bfb      	SBC  R31,R27
0000fe 93e0 0166 	STS  _Spacetime,R30
000100 93f0 0167 	STS  _Spacetime+1,R31
                 ; 0001 005E       }
                 _0x20014:
                 ; 0001 005F       if((((Spacetime_Hold-Spacetime)>20)|| ((Spacetime_Hold-Spacetime)<-20))&&
                 ; 0001 0060       (((Spacetime_Hold-Spacetime)>-1000)|| ((Spacetime_Hold-Spacetime)<1000))&&(Spacetime>0))
000102 91a0 0166 	LDS  R26,_Spacetime
000104 91b0 0167 	LDS  R27,_Spacetime+1
000106 91e0 0168 	LDS  R30,_Spacetime_Hold
000108 91f0 0169 	LDS  R31,_Spacetime_Hold+1
00010a 1bea      	SUB  R30,R26
00010b 0bfb      	SBC  R31,R27
00010c 01bf      	MOVW R22,R30
00010d 010f      	MOVW R0,R30
00010e 01df      	MOVW R26,R30
00010f 9775      	SBIW R30,21
000110 f42c      	BRGE _0x20016
000111 01fd      	MOVW R30,R26
000112 3eec      	CPI  R30,LOW(0xFFEC)
000113 efaf      	LDI  R26,HIGH(0xFFEC)
000114 07fa      	CPC  R31,R26
000115 f48c      	BRGE _0x20018
                 _0x20016:
000116 e1e8      	LDI  R30,LOW(64536)
000117 effc      	LDI  R31,HIGH(64536)
000118 15e0      	CP   R30,R0
000119 05f1      	CPC  R31,R1
00011a f02c      	BRLT _0x20019
00011b 01fb      	MOVW R30,R22
00011c 3ee8      	CPI  R30,LOW(0x3E8)
00011d e0a3      	LDI  R26,HIGH(0x3E8)
00011e 07fa      	CPC  R31,R26
00011f f43c      	BRGE _0x20018
                 _0x20019:
000120 91a0 0166 	LDS  R26,_Spacetime
000122 91b0 0167 	LDS  R27,_Spacetime+1
000124 940e 044d 	CALL __CPW02
000126 f00c      	BRLT _0x2001B
                 _0x20018:
000127 c020      	RJMP _0x20015
                 _0x2001B:
                 ; 0001 0061       {
                 ; 0001 0062           sprintf(Speed_display,"%d",2000*150/Spacetime);
000128 01fe      	MOVW R30,R28
000129 9634      	ADIW R30,4
00012a 93fa      	ST   -Y,R31
00012b 93ea      	ST   -Y,R30
                +
00012c e7e0     +LDI R30 , LOW ( 2 * _0x20000 + ( 0 ) )
00012d e0f0     +LDI R31 , HIGH ( 2 * _0x20000 + ( 0 ) )
                 	__POINTW1FN _0x20000,0
00012e 93fa      	ST   -Y,R31
00012f 93ea      	ST   -Y,R30
000130 91e0 0166 	LDS  R30,_Spacetime
000132 91f0 0167 	LDS  R31,_Spacetime+1
000134 940e 03fe 	CALL __CWD1
                +
000136 eea0     +LDI R26 , LOW ( 0x493E0 )
000137 e9b3     +LDI R27 , HIGH ( 0x493E0 )
000138 e084     +LDI R24 , BYTE3 ( 0x493E0 )
000139 e090     +LDI R25 , BYTE4 ( 0x493E0 )
                 	__GETD2N 0x493E0
00013a 940e 0428 	CALL __DIVD21
00013c 940e 0448 	CALL __PUTPARD1
00013e e084      	LDI  R24,4
00013f 940e 02c0 	CALL _sprintf
000141 9628      	ADIW R28,8
                 ; 0001 0063           lcd_clear();
000142 940e 0321 	CALL _lcd_clear
                 ; 0001 0064           lcd_puts(Speed_display);
000144 01de      	MOVW R26,R28
000145 9614      	ADIW R26,4
000146 940e 0342 	CALL _lcd_puts
                 ; 0001 0065       }
                 ; 0001 0066 
                 ; 0001 0067 
                 ; 0001 0068 }
                 _0x20015:
000148 940e 045a 	CALL __LOADLOCR4
00014a 962e      	ADIW R28,14
00014b 9508      	RET
                 ; .FEND
                 	#ifndef __SLEEP_DEFINED__
                 	#endif
                 
                 	.CSEG
                 _put_buff_G100:
                 ; .FSTART _put_buff_G100
00014c 93ba      	ST   -Y,R27
00014d 93aa      	ST   -Y,R26
00014e 931a      	ST   -Y,R17
00014f 930a      	ST   -Y,R16
000150 81aa      	LDD  R26,Y+2
000151 81bb      	LDD  R27,Y+2+1
000152 9612      	ADIW R26,2
000153 940e 0440 	CALL __GETW1P
000155 9730      	SBIW R30,0
000156 f159      	BREQ _0x2000010
000157 81aa      	LDD  R26,Y+2
000158 81bb      	LDD  R27,Y+2+1
000159 9614      	ADIW R26,4
00015a 940e 0440 	CALL __GETW1P
00015c 018f      	MOVW R16,R30
00015d 9730      	SBIW R30,0
00015e f061      	BREQ _0x2000012
                +
00015f 3002     +CPI R16 , LOW ( 2 )
000160 e0e0     +LDI R30 , HIGH ( 2 )
000161 071e     +CPC R17 , R30
                 	__CPWRN 16,17,2
000162 f098      	BRLO _0x2000013
000163 01f8      	MOVW R30,R16
000164 9731      	SBIW R30,1
000165 018f      	MOVW R16,R30
                +
000166 81aa     +LDD R26 , Y + 2
000167 81bb     +LDD R27 , Y + 2 + 1
000168 9614     +ADIW R26 , 4
000169 93ed     +ST X + , R30
00016a 93fc     +ST X , R31
                 	__PUTW1SNS 2,4
                 _0x2000012:
00016b 81aa      	LDD  R26,Y+2
00016c 81bb      	LDD  R27,Y+2+1
00016d 9612      	ADIW R26,2
00016e 91ed      	LD   R30,X+
00016f 91fd      	LD   R31,X+
000170 9631      	ADIW R30,1
000171 93fe      	ST   -X,R31
000172 93ee      	ST   -X,R30
000173 9731      	SBIW R30,1
000174 81ac      	LDD  R26,Y+4
000175 83a0      	STD  Z+0,R26
                 _0x2000013:
000176 81aa      	LDD  R26,Y+2
000177 81bb      	LDD  R27,Y+2+1
000178 940e 0440 	CALL __GETW1P
00017a 23ff      	TST  R31
00017b f02a      	BRMI _0x2000014
00017c 91ed      	LD   R30,X+
00017d 91fd      	LD   R31,X+
00017e 9631      	ADIW R30,1
00017f 93fe      	ST   -X,R31
000180 93ee      	ST   -X,R30
                 _0x2000014:
000181 c006      	RJMP _0x2000015
                 _0x2000010:
000182 81aa      	LDD  R26,Y+2
000183 81bb      	LDD  R27,Y+2+1
000184 efef      	LDI  R30,LOW(65535)
000185 efff      	LDI  R31,HIGH(65535)
000186 93ed      	ST   X+,R30
000187 93fc      	ST   X,R31
                 _0x2000015:
000188 8119      	LDD  R17,Y+1
000189 8108      	LDD  R16,Y+0
00018a 9625      	ADIW R28,5
00018b 9508      	RET
                 ; .FEND
                 __print_G100:
                 ; .FSTART __print_G100
00018c 93ba      	ST   -Y,R27
00018d 93aa      	ST   -Y,R26
00018e 9726      	SBIW R28,6
00018f 940e 0451 	CALL __SAVELOCR6
000191 e010      	LDI  R17,0
000192 85ac      	LDD  R26,Y+12
000193 85bd      	LDD  R27,Y+12+1
000194 e0e0      	LDI  R30,LOW(0)
000195 e0f0      	LDI  R31,HIGH(0)
000196 93ed      	ST   X+,R30
000197 93fc      	ST   X,R31
                 _0x2000016:
000198 89ea      	LDD  R30,Y+18
000199 89fb      	LDD  R31,Y+18+1
00019a 9631      	ADIW R30,1
00019b 8bea      	STD  Y+18,R30
00019c 8bfb      	STD  Y+18+1,R31
00019d 9731      	SBIW R30,1
00019e 91e4      	LPM  R30,Z
00019f 2f2e      	MOV  R18,R30
0001a0 30e0      	CPI  R30,0
0001a1 f409      	BRNE PC+2
0001a2 c115      	RJMP _0x2000018
0001a3 2fe1      	MOV  R30,R17
0001a4 30e0      	CPI  R30,0
0001a5 f439      	BRNE _0x200001C
0001a6 3225      	CPI  R18,37
0001a7 f411      	BRNE _0x200001D
0001a8 e011      	LDI  R17,LOW(1)
0001a9 c002      	RJMP _0x200001E
                 _0x200001D:
0001aa 940e 03a5 	CALL SUBOPT_0x1
                 _0x200001E:
0001ac c10a      	RJMP _0x200001B
                 _0x200001C:
0001ad 30e1      	CPI  R30,LOW(0x1)
0001ae f4a9      	BRNE _0x200001F
0001af 3225      	CPI  R18,37
0001b0 f419      	BRNE _0x2000020
0001b1 940e 03a5 	CALL SUBOPT_0x1
0001b3 c102      	RJMP _0x20000CC
                 _0x2000020:
0001b4 e012      	LDI  R17,LOW(2)
0001b5 e040      	LDI  R20,LOW(0)
0001b6 e000      	LDI  R16,LOW(0)
0001b7 322d      	CPI  R18,45
0001b8 f411      	BRNE _0x2000021
0001b9 e001      	LDI  R16,LOW(1)
0001ba c0fc      	RJMP _0x200001B
                 _0x2000021:
0001bb 322b      	CPI  R18,43
0001bc f411      	BRNE _0x2000022
0001bd e24b      	LDI  R20,LOW(43)
0001be c0f8      	RJMP _0x200001B
                 _0x2000022:
0001bf 3220      	CPI  R18,32
0001c0 f411      	BRNE _0x2000023
0001c1 e240      	LDI  R20,LOW(32)
0001c2 c0f4      	RJMP _0x200001B
                 _0x2000023:
0001c3 c002      	RJMP _0x2000024
                 _0x200001F:
0001c4 30e2      	CPI  R30,LOW(0x2)
0001c5 f439      	BRNE _0x2000025
                 _0x2000024:
0001c6 e050      	LDI  R21,LOW(0)
0001c7 e013      	LDI  R17,LOW(3)
0001c8 3320      	CPI  R18,48
0001c9 f411      	BRNE _0x2000026
0001ca 6800      	ORI  R16,LOW(128)
0001cb c0eb      	RJMP _0x200001B
                 _0x2000026:
0001cc c003      	RJMP _0x2000027
                 _0x2000025:
0001cd 30e3      	CPI  R30,LOW(0x3)
0001ce f009      	BREQ PC+2
0001cf c0e7      	RJMP _0x200001B
                 _0x2000027:
0001d0 3320      	CPI  R18,48
0001d1 f010      	BRLO _0x200002A
0001d2 332a      	CPI  R18,58
0001d3 f008      	BRLO _0x200002B
                 _0x200002A:
0001d4 c007      	RJMP _0x2000029
                 _0x200002B:
0001d5 e0aa      	LDI  R26,LOW(10)
0001d6 9f5a      	MUL  R21,R26
0001d7 2d50      	MOV  R21,R0
0001d8 2fe2      	MOV  R30,R18
0001d9 53e0      	SUBI R30,LOW(48)
0001da 0f5e      	ADD  R21,R30
0001db c0db      	RJMP _0x200001B
                 _0x2000029:
0001dc 2fe2      	MOV  R30,R18
0001dd 36e3      	CPI  R30,LOW(0x63)
0001de f449      	BRNE _0x200002F
0001df 940e 03ac 	CALL SUBOPT_0x2
0001e1 89e8      	LDD  R30,Y+16
0001e2 89f9      	LDD  R31,Y+16+1
0001e3 81a4      	LDD  R26,Z+4
0001e4 93aa      	ST   -Y,R26
0001e5 940e 03b2 	CALL SUBOPT_0x3
0001e7 c0ce      	RJMP _0x2000030
                 _0x200002F:
0001e8 37e3      	CPI  R30,LOW(0x73)
0001e9 f441      	BRNE _0x2000032
0001ea 940e 03ac 	CALL SUBOPT_0x2
0001ec 940e 03b8 	CALL SUBOPT_0x4
0001ee 940e 0381 	CALL _strlen
0001f0 2f1e      	MOV  R17,R30
0001f1 c00a      	RJMP _0x2000033
                 _0x2000032:
0001f2 37e0      	CPI  R30,LOW(0x70)
0001f3 f461      	BRNE _0x2000035
0001f4 940e 03ac 	CALL SUBOPT_0x2
0001f6 940e 03b8 	CALL SUBOPT_0x4
0001f8 940e 038d 	CALL _strlenf
0001fa 2f1e      	MOV  R17,R30
0001fb 6008      	ORI  R16,LOW(8)
                 _0x2000033:
0001fc 6002      	ORI  R16,LOW(2)
0001fd 770f      	ANDI R16,LOW(127)
0001fe e030      	LDI  R19,LOW(0)
0001ff c034      	RJMP _0x2000036
                 _0x2000035:
000200 36e4      	CPI  R30,LOW(0x64)
000201 f011      	BREQ _0x2000039
000202 36e9      	CPI  R30,LOW(0x69)
000203 f411      	BRNE _0x200003A
                 _0x2000039:
000204 6004      	ORI  R16,LOW(4)
000205 c002      	RJMP _0x200003B
                 _0x200003A:
000206 37e5      	CPI  R30,LOW(0x75)
000207 f431      	BRNE _0x200003C
                 _0x200003B:
000208 e5e4      	LDI  R30,LOW(_tbl10_G100*2)
000209 e0f0      	LDI  R31,HIGH(_tbl10_G100*2)
00020a 83ee      	STD  Y+6,R30
00020b 83ff      	STD  Y+6+1,R31
00020c e015      	LDI  R17,LOW(5)
00020d c00c      	RJMP _0x200003D
                 _0x200003C:
00020e 35e8      	CPI  R30,LOW(0x58)
00020f f411      	BRNE _0x200003F
000210 6008      	ORI  R16,LOW(8)
000211 c003      	RJMP _0x2000040
                 _0x200003F:
000212 37e8      	CPI  R30,LOW(0x78)
000213 f009      	BREQ PC+2
000214 c0a1      	RJMP _0x2000071
                 _0x2000040:
000215 e5ee      	LDI  R30,LOW(_tbl16_G100*2)
000216 e0f0      	LDI  R31,HIGH(_tbl16_G100*2)
000217 83ee      	STD  Y+6,R30
000218 83ff      	STD  Y+6+1,R31
000219 e014      	LDI  R17,LOW(4)
                 _0x200003D:
00021a ff02      	SBRS R16,2
00021b c014      	RJMP _0x2000042
00021c 940e 03ac 	CALL SUBOPT_0x2
00021e 940e 03c2 	CALL SUBOPT_0x5
000220 85ab      	LDD  R26,Y+11
000221 23aa      	TST  R26
000222 f43a      	BRPL _0x2000043
000223 85ea      	LDD  R30,Y+10
000224 85fb      	LDD  R31,Y+10+1
000225 940e 03ed 	CALL __ANEGW1
000227 87ea      	STD  Y+10,R30
000228 87fb      	STD  Y+10+1,R31
000229 e24d      	LDI  R20,LOW(45)
                 _0x2000043:
00022a 3040      	CPI  R20,0
00022b f011      	BREQ _0x2000044
00022c 5f1f      	SUBI R17,-LOW(1)
00022d c001      	RJMP _0x2000045
                 _0x2000044:
00022e 7f0b      	ANDI R16,LOW(251)
                 _0x2000045:
00022f c004      	RJMP _0x2000046
                 _0x2000042:
000230 940e 03ac 	CALL SUBOPT_0x2
000232 940e 03c2 	CALL SUBOPT_0x5
                 _0x2000046:
                 _0x2000036:
000234 fd00      	SBRC R16,0
000235 c011      	RJMP _0x2000047
                 _0x2000048:
000236 1715      	CP   R17,R21
000237 f478      	BRSH _0x200004A
000238 ff07      	SBRS R16,7
000239 c008      	RJMP _0x200004B
00023a ff02      	SBRS R16,2
00023b c004      	RJMP _0x200004C
00023c 7f0b      	ANDI R16,LOW(251)
00023d 2f24      	MOV  R18,R20
00023e 5011      	SUBI R17,LOW(1)
00023f c001      	RJMP _0x200004D
                 _0x200004C:
000240 e320      	LDI  R18,LOW(48)
                 _0x200004D:
000241 c001      	RJMP _0x200004E
                 _0x200004B:
000242 e220      	LDI  R18,LOW(32)
                 _0x200004E:
000243 940e 03a5 	CALL SUBOPT_0x1
000245 5051      	SUBI R21,LOW(1)
000246 cfef      	RJMP _0x2000048
                 _0x200004A:
                 _0x2000047:
000247 2f31      	MOV  R19,R17
000248 ff01      	SBRS R16,1
000249 c017      	RJMP _0x200004F
                 _0x2000050:
00024a 3030      	CPI  R19,0
00024b f0a1      	BREQ _0x2000052
00024c ff03      	SBRS R16,3
00024d c006      	RJMP _0x2000053
00024e 81ee      	LDD  R30,Y+6
00024f 81ff      	LDD  R31,Y+6+1
000250 9125      	LPM  R18,Z+
000251 83ee      	STD  Y+6,R30
000252 83ff      	STD  Y+6+1,R31
000253 c005      	RJMP _0x2000054
                 _0x2000053:
000254 81ae      	LDD  R26,Y+6
000255 81bf      	LDD  R27,Y+6+1
000256 912d      	LD   R18,X+
000257 83ae      	STD  Y+6,R26
000258 83bf      	STD  Y+6+1,R27
                 _0x2000054:
000259 940e 03a5 	CALL SUBOPT_0x1
00025b 3050      	CPI  R21,0
00025c f009      	BREQ _0x2000055
00025d 5051      	SUBI R21,LOW(1)
                 _0x2000055:
00025e 5031      	SUBI R19,LOW(1)
00025f cfea      	RJMP _0x2000050
                 _0x2000052:
000260 c04b      	RJMP _0x2000056
                 _0x200004F:
                 _0x2000058:
000261 e320      	LDI  R18,LOW(48)
000262 81ee      	LDD  R30,Y+6
000263 81ff      	LDD  R31,Y+6+1
000264 940e 0444 	CALL __GETW1PF
000266 87e8      	STD  Y+8,R30
000267 87f9      	STD  Y+8+1,R31
000268 81ee      	LDD  R30,Y+6
000269 81ff      	LDD  R31,Y+6+1
00026a 9632      	ADIW R30,2
00026b 83ee      	STD  Y+6,R30
00026c 83ff      	STD  Y+6+1,R31
                 _0x200005A:
00026d 85e8      	LDD  R30,Y+8
00026e 85f9      	LDD  R31,Y+8+1
00026f 85aa      	LDD  R26,Y+10
000270 85bb      	LDD  R27,Y+10+1
000271 17ae      	CP   R26,R30
000272 07bf      	CPC  R27,R31
000273 f050      	BRLO _0x200005C
000274 5f2f      	SUBI R18,-LOW(1)
000275 85a8      	LDD  R26,Y+8
000276 85b9      	LDD  R27,Y+8+1
000277 85ea      	LDD  R30,Y+10
000278 85fb      	LDD  R31,Y+10+1
000279 1bea      	SUB  R30,R26
00027a 0bfb      	SBC  R31,R27
00027b 87ea      	STD  Y+10,R30
00027c 87fb      	STD  Y+10+1,R31
00027d cfef      	RJMP _0x200005A
                 _0x200005C:
00027e 332a      	CPI  R18,58
00027f f028      	BRLO _0x200005D
000280 ff03      	SBRS R16,3
000281 c002      	RJMP _0x200005E
000282 5f29      	SUBI R18,-LOW(7)
000283 c001      	RJMP _0x200005F
                 _0x200005E:
000284 5d29      	SUBI R18,-LOW(39)
                 _0x200005F:
                 _0x200005D:
000285 fd04      	SBRC R16,4
000286 c01a      	RJMP _0x2000061
000287 3321      	CPI  R18,49
000288 f420      	BRSH _0x2000063
000289 85a8      	LDD  R26,Y+8
00028a 85b9      	LDD  R27,Y+8+1
00028b 9711      	SBIW R26,1
00028c f409      	BRNE _0x2000062
                 _0x2000063:
00028d c009      	RJMP _0x20000CD
                 _0x2000062:
00028e 1753      	CP   R21,R19
00028f f010      	BRLO _0x2000067
000290 ff00      	SBRS R16,0
000291 c001      	RJMP _0x2000068
                 _0x2000067:
000292 c013      	RJMP _0x2000066
                 _0x2000068:
000293 e220      	LDI  R18,LOW(32)
000294 ff07      	SBRS R16,7
000295 c00b      	RJMP _0x2000069
000296 e320      	LDI  R18,LOW(48)
                 _0x20000CD:
000297 6100      	ORI  R16,LOW(16)
000298 ff02      	SBRS R16,2
000299 c007      	RJMP _0x200006A
00029a 7f0b      	ANDI R16,LOW(251)
00029b 934a      	ST   -Y,R20
00029c 940e 03b2 	CALL SUBOPT_0x3
00029e 3050      	CPI  R21,0
00029f f009      	BREQ _0x200006B
0002a0 5051      	SUBI R21,LOW(1)
                 _0x200006B:
                 _0x200006A:
                 _0x2000069:
                 _0x2000061:
0002a1 940e 03a5 	CALL SUBOPT_0x1
0002a3 3050      	CPI  R21,0
0002a4 f009      	BREQ _0x200006C
0002a5 5051      	SUBI R21,LOW(1)
                 _0x200006C:
                 _0x2000066:
0002a6 5031      	SUBI R19,LOW(1)
0002a7 85a8      	LDD  R26,Y+8
0002a8 85b9      	LDD  R27,Y+8+1
0002a9 9712      	SBIW R26,2
0002aa f008      	BRLO _0x2000059
0002ab cfb5      	RJMP _0x2000058
                 _0x2000059:
                 _0x2000056:
0002ac ff00      	SBRS R16,0
0002ad c008      	RJMP _0x200006D
                 _0x200006E:
0002ae 3050      	CPI  R21,0
0002af f031      	BREQ _0x2000070
0002b0 5051      	SUBI R21,LOW(1)
0002b1 e2e0      	LDI  R30,LOW(32)
0002b2 93ea      	ST   -Y,R30
0002b3 940e 03b2 	CALL SUBOPT_0x3
0002b5 cff8      	RJMP _0x200006E
                 _0x2000070:
                 _0x200006D:
                 _0x2000071:
                 _0x2000030:
                 _0x20000CC:
0002b6 e010      	LDI  R17,LOW(0)
                 _0x200001B:
0002b7 cee0      	RJMP _0x2000016
                 _0x2000018:
0002b8 85ac      	LDD  R26,Y+12
0002b9 85bd      	LDD  R27,Y+12+1
0002ba 940e 0440 	CALL __GETW1P
0002bc 940e 0458 	CALL __LOADLOCR6
0002be 9664      	ADIW R28,20
0002bf 9508      	RET
                 ; .FEND
                 _sprintf:
                 ; .FSTART _sprintf
0002c0 92ff      	PUSH R15
0002c1 2ef8      	MOV  R15,R24
0002c2 9726      	SBIW R28,6
0002c3 940e 0453 	CALL __SAVELOCR4
0002c5 940e 03ca 	CALL SUBOPT_0x6
0002c7 9730      	SBIW R30,0
0002c8 f419      	BRNE _0x2000072
0002c9 efef      	LDI  R30,LOW(65535)
0002ca efff      	LDI  R31,HIGH(65535)
0002cb c023      	RJMP _0x2080002
                 _0x2000072:
0002cc 01de      	MOVW R26,R28
0002cd 9616      	ADIW R26,6
0002ce 940e 03e9 	CALL __ADDW2R15
0002d0 018d      	MOVW R16,R26
0002d1 940e 03ca 	CALL SUBOPT_0x6
0002d3 83ee      	STD  Y+6,R30
0002d4 83ff      	STD  Y+6+1,R31
0002d5 e0e0      	LDI  R30,LOW(0)
0002d6 87e8      	STD  Y+8,R30
0002d7 87e9      	STD  Y+8+1,R30
0002d8 01de      	MOVW R26,R28
0002d9 961a      	ADIW R26,10
0002da 940e 03e9 	CALL __ADDW2R15
0002dc 940e 0440 	CALL __GETW1P
0002de 93fa      	ST   -Y,R31
0002df 93ea      	ST   -Y,R30
0002e0 931a      	ST   -Y,R17
0002e1 930a      	ST   -Y,R16
0002e2 e4ec      	LDI  R30,LOW(_put_buff_G100)
0002e3 e0f1      	LDI  R31,HIGH(_put_buff_G100)
0002e4 93fa      	ST   -Y,R31
0002e5 93ea      	ST   -Y,R30
0002e6 01de      	MOVW R26,R28
0002e7 961a      	ADIW R26,10
0002e8 dea3      	RCALL __print_G100
0002e9 019f      	MOVW R18,R30
0002ea 81ae      	LDD  R26,Y+6
0002eb 81bf      	LDD  R27,Y+6+1
0002ec e0e0      	LDI  R30,LOW(0)
0002ed 93ec      	ST   X,R30
0002ee 01f9      	MOVW R30,R18
                 _0x2080002:
0002ef 940e 045a 	CALL __LOADLOCR4
0002f1 962a      	ADIW R28,10
0002f2 90ff      	POP  R15
0002f3 9508      	RET
                 ; .FEND
                 	#ifndef __SLEEP_DEFINED__
                 	#endif
                 
                 	.DSEG
                 
                 	.CSEG
                 __lcd_write_nibble_G101:
                 ; .FSTART __lcd_write_nibble_G101
0002f4 93aa      	ST   -Y,R26
0002f5 b3e5      	IN   R30,0x15
0002f6 70ef      	ANDI R30,LOW(0xF)
0002f7 2fae      	MOV  R26,R30
0002f8 81e8      	LD   R30,Y
0002f9 7fe0      	ANDI R30,LOW(0xF0)
0002fa 2bea      	OR   R30,R26
0002fb bbe5      	OUT  0x15,R30
                +
0002fc e08d     +LDI R24 , LOW ( 13 )
                +__DELAY_USB_LOOP :
0002fd 958a     +DEC R24
0002fe f7f1     +BRNE __DELAY_USB_LOOP
                 	__DELAY_USB 13
0002ff 9aaa      	SBI  0x15,2
                +
000300 e08d     +LDI R24 , LOW ( 13 )
                +__DELAY_USB_LOOP :
000301 958a     +DEC R24
000302 f7f1     +BRNE __DELAY_USB_LOOP
                 	__DELAY_USB 13
000303 98aa      	CBI  0x15,2
                +
000304 e08d     +LDI R24 , LOW ( 13 )
                +__DELAY_USB_LOOP :
000305 958a     +DEC R24
000306 f7f1     +BRNE __DELAY_USB_LOOP
                 	__DELAY_USB 13
000307 c077      	RJMP _0x2080001
                 ; .FEND
                 __lcd_write_data:
                 ; .FSTART __lcd_write_data
000308 93aa      	ST   -Y,R26
000309 81a8      	LD   R26,Y
00030a dfe9      	RCALL __lcd_write_nibble_G101
00030b 81e8          ld    r30,y
00030c 95e2          swap  r30
00030d 83e8          st    y,r30
00030e 81a8      	LD   R26,Y
00030f dfe4      	RCALL __lcd_write_nibble_G101
                +
000310 e885     +LDI R24 , LOW ( 133 )
                +__DELAY_USB_LOOP :
000311 958a     +DEC R24
000312 f7f1     +BRNE __DELAY_USB_LOOP
                 	__DELAY_USB 133
000313 c06b      	RJMP _0x2080001
                 ; .FEND
                 _lcd_gotoxy:
                 ; .FSTART _lcd_gotoxy
000314 93aa      	ST   -Y,R26
000315 81e8      	LD   R30,Y
000316 e0f0      	LDI  R31,0
000317 59e6      	SUBI R30,LOW(-__base_y_G101)
000318 4ffe      	SBCI R31,HIGH(-__base_y_G101)
000319 81e0      	LD   R30,Z
00031a 81a9      	LDD  R26,Y+1
00031b 0fae      	ADD  R26,R30
00031c dfeb      	RCALL __lcd_write_data
00031d 8059      	LDD  R5,Y+1
00031e 8048      	LDD  R4,Y+0
00031f 9622      	ADIW R28,2
000320 9508      	RET
                 ; .FEND
                 _lcd_clear:
                 ; .FSTART _lcd_clear
000321 e0a2      	LDI  R26,LOW(2)
000322 940e 03d1 	CALL SUBOPT_0x7
000324 e0ac      	LDI  R26,LOW(12)
000325 dfe2      	RCALL __lcd_write_data
000326 e0a1      	LDI  R26,LOW(1)
000327 940e 03d1 	CALL SUBOPT_0x7
000329 e0e0      	LDI  R30,LOW(0)
00032a 2e4e      	MOV  R4,R30
00032b 2e5e      	MOV  R5,R30
00032c 9508      	RET
                 ; .FEND
                 _lcd_putchar:
                 ; .FSTART _lcd_putchar
00032d 93aa      	ST   -Y,R26
00032e 81a8      	LD   R26,Y
00032f 30aa      	CPI  R26,LOW(0xA)
000330 f011      	BREQ _0x2020005
000331 1457      	CP   R5,R7
000332 f048      	BRLO _0x2020004
                 _0x2020005:
000333 e0e0      	LDI  R30,LOW(0)
000334 93ea      	ST   -Y,R30
000335 9443      	INC  R4
000336 2da4      	MOV  R26,R4
000337 dfdc      	RCALL _lcd_gotoxy
000338 81a8      	LD   R26,Y
000339 30aa      	CPI  R26,LOW(0xA)
00033a f409      	BRNE _0x2020007
00033b c043      	RJMP _0x2080001
                 _0x2020007:
                 _0x2020004:
00033c 9453      	INC  R5
00033d 9aa8      	SBI  0x15,0
00033e 81a8      	LD   R26,Y
00033f dfc8      	RCALL __lcd_write_data
000340 98a8      	CBI  0x15,0
000341 c03d      	RJMP _0x2080001
                 ; .FEND
                 _lcd_puts:
                 ; .FSTART _lcd_puts
000342 93ba      	ST   -Y,R27
000343 93aa      	ST   -Y,R26
000344 931a      	ST   -Y,R17
                 _0x2020008:
000345 81a9      	LDD  R26,Y+1
000346 81ba      	LDD  R27,Y+1+1
000347 91ed      	LD   R30,X+
000348 83a9      	STD  Y+1,R26
000349 83ba      	STD  Y+1+1,R27
00034a 2f1e      	MOV  R17,R30
00034b 30e0      	CPI  R30,0
00034c f019      	BREQ _0x202000A
00034d 2fa1      	MOV  R26,R17
00034e dfde      	RCALL _lcd_putchar
00034f cff5      	RJMP _0x2020008
                 _0x202000A:
000350 8118      	LDD  R17,Y+0
000351 9623      	ADIW R28,3
000352 9508      	RET
                 ; .FEND
                 _lcd_init:
                 ; .FSTART _lcd_init
000353 93aa      	ST   -Y,R26
000354 b3e4      	IN   R30,0x14
000355 6fe0      	ORI  R30,LOW(0xF0)
000356 bbe4      	OUT  0x14,R30
000357 9aa2      	SBI  0x14,2
000358 9aa0      	SBI  0x14,0
000359 9aa1      	SBI  0x14,1
00035a 98aa      	CBI  0x15,2
00035b 98a8      	CBI  0x15,0
00035c 98a9      	CBI  0x15,1
00035d 8078      	LDD  R7,Y+0
00035e 81e8      	LD   R30,Y
00035f 58e0      	SUBI R30,-LOW(128)
                +
000360 93e0 016c+STS __base_y_G101 + ( 2 ) , R30
                 	__PUTB1MN __base_y_G101,2
000362 81e8      	LD   R30,Y
000363 54e0      	SUBI R30,-LOW(192)
                +
000364 93e0 016d+STS __base_y_G101 + ( 3 ) , R30
                 	__PUTB1MN __base_y_G101,3
000366 e1a4      	LDI  R26,LOW(20)
000367 e0b0      	LDI  R27,0
000368 940e 03df 	CALL _delay_ms
00036a 940e 03d7 	CALL SUBOPT_0x8
00036c 940e 03d7 	CALL SUBOPT_0x8
00036e 940e 03d7 	CALL SUBOPT_0x8
000370 e2a0      	LDI  R26,LOW(32)
000371 df82      	RCALL __lcd_write_nibble_G101
                +
000372 ec88     +LDI R24 , LOW ( 200 )
000373 e090     +LDI R25 , HIGH ( 200 )
                +__DELAY_USW_LOOP :
000374 9701     +SBIW R24 , 1
000375 f7f1     +BRNE __DELAY_USW_LOOP
                 	__DELAY_USW 200
000376 e2a8      	LDI  R26,LOW(40)
000377 df90      	RCALL __lcd_write_data
000378 e0a4      	LDI  R26,LOW(4)
000379 df8e      	RCALL __lcd_write_data
00037a e8a5      	LDI  R26,LOW(133)
00037b df8c      	RCALL __lcd_write_data
00037c e0a6      	LDI  R26,LOW(6)
00037d df8a      	RCALL __lcd_write_data
00037e dfa2      	RCALL _lcd_clear
                 _0x2080001:
00037f 9621      	ADIW R28,1
000380 9508      	RET
                 ; .FEND
                 
                 	.CSEG
                 _strlen:
                 ; .FSTART _strlen
000381 93ba      	ST   -Y,R27
000382 93aa      	ST   -Y,R26
000383 91a9          ld   r26,y+
000384 91b9          ld   r27,y+
000385 27ee          clr  r30
000386 27ff          clr  r31
                 strlen0:
000387 916d          ld   r22,x+
000388 2366          tst  r22
000389 f011          breq strlen1
00038a 9631          adiw r30,1
00038b cffb          rjmp strlen0
                 strlen1:
00038c 9508          ret
                 ; .FEND
                 _strlenf:
                 ; .FSTART _strlenf
00038d 93ba      	ST   -Y,R27
00038e 93aa      	ST   -Y,R26
00038f 27aa          clr  r26
000390 27bb          clr  r27
000391 91e9          ld   r30,y+
000392 91f9          ld   r31,y+
                 strlenf0:
000393 9005      	lpm  r0,z+
000394 2000          tst  r0
000395 f011          breq strlenf1
000396 9611          adiw r26,1
000397 cffb          rjmp strlenf0
                 strlenf1:
000398 01fd          movw r30,r26
000399 9508          ret
                 ; .FEND
                 
                 	.CSEG
                 
                 	.DSEG
                 _control:
000160           	.BYTE 0x2
                 _ICR_Data:
000162           	.BYTE 0x2
                 _ICR_Hold:
000164           	.BYTE 0x2
                 _Spacetime:
000166           	.BYTE 0x2
                 _Spacetime_Hold:
000168           	.BYTE 0x2
                 __base_y_G101:
00016a           	.BYTE 0x4
                 
                 	.CSEG
                 ;OPTIMIZER ADDED SUBROUTINE, CALLED 2 TIMES, CODE SIZE REDUCTION:5 WORDS
                 SUBOPT_0x0:
00039a 2ff2      	MOV  R31,R18
00039b e0e0      	LDI  R30,LOW(0)
00039c 2be0      	OR   R30,R16
00039d 2bf1      	OR   R31,R17
00039e 940e 03f9 	CALL __ASRW2
0003a0 93e0 0162 	STS  _ICR_Data,R30
0003a2 93f0 0163 	STS  _ICR_Data+1,R31
0003a4 9508      	RET
                 
                 ;OPTIMIZER ADDED SUBROUTINE, CALLED 5 TIMES, CODE SIZE REDUCTION:13 WORDS
                 SUBOPT_0x1:
0003a5 932a      	ST   -Y,R18
0003a6 85ad      	LDD  R26,Y+13
0003a7 85be      	LDD  R27,Y+13+1
0003a8 85ef      	LDD  R30,Y+15
0003a9 89f8      	LDD  R31,Y+15+1
0003aa 9509      	ICALL
0003ab 9508      	RET
                 
                 ;OPTIMIZER ADDED SUBROUTINE, CALLED 5 TIMES, CODE SIZE REDUCTION:9 WORDS
                 SUBOPT_0x2:
0003ac 89e8      	LDD  R30,Y+16
0003ad 89f9      	LDD  R31,Y+16+1
0003ae 9734      	SBIW R30,4
0003af 8be8      	STD  Y+16,R30
0003b0 8bf9      	STD  Y+16+1,R31
0003b1 9508      	RET
                 
                 ;OPTIMIZER ADDED SUBROUTINE, CALLED 3 TIMES, CODE SIZE REDUCTION:3 WORDS
                 SUBOPT_0x3:
0003b2 85ad      	LDD  R26,Y+13
0003b3 85be      	LDD  R27,Y+13+1
0003b4 85ef      	LDD  R30,Y+15
0003b5 89f8      	LDD  R31,Y+15+1
0003b6 9509      	ICALL
0003b7 9508      	RET
                 
                 ;OPTIMIZER ADDED SUBROUTINE, CALLED 2 TIMES, CODE SIZE REDUCTION:4 WORDS
                 SUBOPT_0x4:
0003b8 89a8      	LDD  R26,Y+16
0003b9 89b9      	LDD  R27,Y+16+1
0003ba 9614      	ADIW R26,4
0003bb 940e 0440 	CALL __GETW1P
0003bd 83ee      	STD  Y+6,R30
0003be 83ff      	STD  Y+6+1,R31
0003bf 81ae      	LDD  R26,Y+6
0003c0 81bf      	LDD  R27,Y+6+1
0003c1 9508      	RET
                 
                 ;OPTIMIZER ADDED SUBROUTINE, CALLED 2 TIMES, CODE SIZE REDUCTION:2 WORDS
                 SUBOPT_0x5:
0003c2 89a8      	LDD  R26,Y+16
0003c3 89b9      	LDD  R27,Y+16+1
0003c4 9614      	ADIW R26,4
0003c5 940e 0440 	CALL __GETW1P
0003c7 87ea      	STD  Y+10,R30
0003c8 87fb      	STD  Y+10+1,R31
0003c9 9508      	RET
                 
                 ;OPTIMIZER ADDED SUBROUTINE, CALLED 2 TIMES, CODE SIZE REDUCTION:1 WORDS
                 SUBOPT_0x6:
0003ca 01de      	MOVW R26,R28
0003cb 961c      	ADIW R26,12
0003cc 940e 03e9 	CALL __ADDW2R15
0003ce 940e 0440 	CALL __GETW1P
0003d0 9508      	RET
                 
                 ;OPTIMIZER ADDED SUBROUTINE, CALLED 2 TIMES, CODE SIZE REDUCTION:1 WORDS
                 SUBOPT_0x7:
0003d1 940e 0308 	CALL __lcd_write_data
0003d3 e0a3      	LDI  R26,LOW(3)
0003d4 e0b0      	LDI  R27,0
0003d5 940c 03df 	JMP  _delay_ms
                 
                 ;OPTIMIZER ADDED SUBROUTINE, CALLED 3 TIMES, CODE SIZE REDUCTION:7 WORDS
                 SUBOPT_0x8:
0003d7 e3a0      	LDI  R26,LOW(48)
0003d8 940e 02f4 	CALL __lcd_write_nibble_G101
                +
0003da ec88     +LDI R24 , LOW ( 200 )
0003db e090     +LDI R25 , HIGH ( 200 )
                +__DELAY_USW_LOOP :
0003dc 9701     +SBIW R24 , 1
0003dd f7f1     +BRNE __DELAY_USW_LOOP
                 	__DELAY_USW 200
0003de 9508      	RET
                 
                 
                 	.CSEG
                 _delay_ms:
0003df 9610      	adiw r26,0
0003e0 f039      	breq __delay_ms1
                 __delay_ms0:
                +
0003e1 ed80     +LDI R24 , LOW ( 0x7D0 )
0003e2 e097     +LDI R25 , HIGH ( 0x7D0 )
                +__DELAY_USW_LOOP :
0003e3 9701     +SBIW R24 , 1
0003e4 f7f1     +BRNE __DELAY_USW_LOOP
                 	__DELAY_USW 0x7D0
0003e5 95a8      	wdr
0003e6 9711      	sbiw r26,1
0003e7 f7c9      	brne __delay_ms0
                 __delay_ms1:
0003e8 9508      	ret
                 
                 __ADDW2R15:
0003e9 2400      	CLR  R0
0003ea 0daf      	ADD  R26,R15
0003eb 1db0      	ADC  R27,R0
0003ec 9508      	RET
                 
                 __ANEGW1:
0003ed 95f1      	NEG  R31
0003ee 95e1      	NEG  R30
0003ef 40f0      	SBCI R31,0
0003f0 9508      	RET
                 
                 __ANEGD1:
0003f1 95f0      	COM  R31
0003f2 9560      	COM  R22
0003f3 9570      	COM  R23
0003f4 95e1      	NEG  R30
0003f5 4fff      	SBCI R31,-1
0003f6 4f6f      	SBCI R22,-1
0003f7 4f7f      	SBCI R23,-1
0003f8 9508      	RET
                 
                 __ASRW2:
0003f9 95f5      	ASR  R31
0003fa 95e7      	ROR  R30
0003fb 95f5      	ASR  R31
0003fc 95e7      	ROR  R30
0003fd 9508      	RET
                 
                 __CWD1:
0003fe 2f6f      	MOV  R22,R31
0003ff 0f66      	ADD  R22,R22
000400 0b66      	SBC  R22,R22
000401 2f76      	MOV  R23,R22
000402 9508      	RET
                 
                 __DIVD21U:
000403 933f      	PUSH R19
000404 934f      	PUSH R20
000405 935f      	PUSH R21
000406 2400      	CLR  R0
000407 2411      	CLR  R1
000408 2744      	CLR  R20
000409 2755      	CLR  R21
00040a e230      	LDI  R19,32
                 __DIVD21U1:
00040b 0faa      	LSL  R26
00040c 1fbb      	ROL  R27
00040d 1f88      	ROL  R24
00040e 1f99      	ROL  R25
00040f 1c00      	ROL  R0
000410 1c11      	ROL  R1
000411 1f44      	ROL  R20
000412 1f55      	ROL  R21
000413 1a0e      	SUB  R0,R30
000414 0a1f      	SBC  R1,R31
000415 0b46      	SBC  R20,R22
000416 0b57      	SBC  R21,R23
000417 f428      	BRCC __DIVD21U2
000418 0e0e      	ADD  R0,R30
000419 1e1f      	ADC  R1,R31
00041a 1f46      	ADC  R20,R22
00041b 1f57      	ADC  R21,R23
00041c c001      	RJMP __DIVD21U3
                 __DIVD21U2:
00041d 60a1      	SBR  R26,1
                 __DIVD21U3:
00041e 953a      	DEC  R19
00041f f759      	BRNE __DIVD21U1
000420 01fd      	MOVW R30,R26
000421 01bc      	MOVW R22,R24
000422 01d0      	MOVW R26,R0
000423 01ca      	MOVW R24,R20
000424 915f      	POP  R21
000425 914f      	POP  R20
000426 913f      	POP  R19
000427 9508      	RET
                 
                 __DIVD21:
000428 d004      	RCALL __CHKSIGND
000429 dfd9      	RCALL __DIVD21U
00042a f40e      	BRTC __DIVD211
00042b dfc5      	RCALL __ANEGD1
                 __DIVD211:
00042c 9508      	RET
                 
                 __CHKSIGND:
00042d 94e8      	CLT
00042e ff77      	SBRS R23,7
00042f c002      	RJMP __CHKSD1
000430 dfc0      	RCALL __ANEGD1
000431 9468      	SET
                 __CHKSD1:
000432 ff97      	SBRS R25,7
000433 c00b      	RJMP __CHKSD2
000434 2400      	CLR  R0
000435 95a0      	COM  R26
000436 95b0      	COM  R27
000437 9580      	COM  R24
000438 9590      	COM  R25
000439 9611      	ADIW R26,1
00043a 1d80      	ADC  R24,R0
00043b 1d90      	ADC  R25,R0
00043c f800      	BLD  R0,0
00043d 9403      	INC  R0
00043e fa00      	BST  R0,0
                 __CHKSD2:
00043f 9508      	RET
                 
                 __GETW1P:
000440 91ed      	LD   R30,X+
000441 91fc      	LD   R31,X
000442 9711      	SBIW R26,1
000443 9508      	RET
                 
                 __GETW1PF:
000444 9005      	LPM  R0,Z+
000445 91f4      	LPM  R31,Z
000446 2de0      	MOV  R30,R0
000447 9508      	RET
                 
                 __PUTPARD1:
000448 937a      	ST   -Y,R23
000449 936a      	ST   -Y,R22
00044a 93fa      	ST   -Y,R31
00044b 93ea      	ST   -Y,R30
00044c 9508      	RET
                 
                 __CPW02:
00044d 2400      	CLR  R0
00044e 160a      	CP   R0,R26
00044f 060b      	CPC  R0,R27
000450 9508      	RET
                 
                 __SAVELOCR6:
000451 935a      	ST   -Y,R21
                 __SAVELOCR5:
000452 934a      	ST   -Y,R20
                 __SAVELOCR4:
000453 933a      	ST   -Y,R19
                 __SAVELOCR3:
000454 932a      	ST   -Y,R18
                 __SAVELOCR2:
000455 931a      	ST   -Y,R17
000456 930a      	ST   -Y,R16
000457 9508      	RET
                 
                 __LOADLOCR6:
000458 815d      	LDD  R21,Y+5
                 __LOADLOCR5:
000459 814c      	LDD  R20,Y+4
                 __LOADLOCR4:
00045a 813b      	LDD  R19,Y+3
                 __LOADLOCR3:
00045b 812a      	LDD  R18,Y+2
                 __LOADLOCR2:
00045c 8119      	LDD  R17,Y+1
00045d 8108      	LD   R16,Y
00045e 9508      	RET
                 
                 __INITLOCB:
                 __INITLOCW:
00045f 0fac      	ADD  R26,R28
000460 1fbd      	ADC  R27,R29
                 __INITLOC0:
000461 9005      	LPM  R0,Z+
000462 920d      	ST   X+,R0
000463 958a      	DEC  R24
000464 f7e1      	BRNE __INITLOC0
000465 9508      	RET
                 
                 ;END OF CODE MARKER
                 __END_OF_CODE:


RESOURCE USE INFORMATION
------------------------

Notice:
The register and instruction counts are symbol table hit counts,
and hence implicitly used resources are not counted, eg, the
'lpm' instruction without operands implicitly uses r0 and z,
none of which are counted.

x,y,z are separate entities in the symbol table and are
counted separately from r26..r31 here.

.dseg memory usage only counts static data declared with .byte

ATmega16 register use summary:
r0 :  31 r1 :   8 r2 :   0 r3 :   0 r4 :   4 r5 :   4 r6 :   0 r7 :   2 
r8 :   0 r9 :   0 r10:   0 r11:   0 r12:   0 r13:   0 r14:   0 r15:   6 
r16:  42 r17:  31 r18:  32 r19:  14 r20:  16 r21:  23 r22:  20 r23:   9 
r24:  33 r25:  12 r26: 122 r27:  50 r28:  19 r29:   2 r30: 218 r31:  87 
x  :  24 y  : 197 z  :  16 
Registers used: 25 out of 35 (71.4%)

ATmega16 instruction use summary:
.lds  :   0 .lds.l:   0 .sts  :   0 .sts.l:   0 adc   :   7 add   :   6 
adiw  :  28 and   :   0 andi  :   6 asr   :   2 bclr  :   0 bld   :   1 
brbc  :   0 brbs  :   0 brcc  :   1 brcs  :   0 break :   0 breq  :  17 
brge  :   3 brhc  :   0 brhs  :   0 brid  :   0 brie  :   0 brlo  :   8 
brlt  :   2 brmi  :   1 brne  :  33 brpl  :   1 brsh  :   2 brtc  :   1 
brts  :   0 brvc  :   0 brvs  :   0 bset  :   0 bst   :   1 call  :  60 
cbi   :   5 cbr   :   0 clc   :   0 clh   :   0 cli   :   1 cln   :   0 
clr   :  18 cls   :   0 clt   :   1 clv   :   0 clz   :   0 com   :   7 
cp    :   6 cpc   :   6 cpi   :  35 cpse  :   0 dec   :   7 des   :   0 
eor   :   0 fmul  :   0 fmuls :   0 fmulsu:   0 icall :   2 ijmp  :   0 
in    :   8 inc   :   3 jmp   :  23 ld    :  41 ldd   :  77 ldi   : 107 
lds   :  18 lpm   :  15 lsl   :   1 lsr   :   0 mov   :  20 movw  :  25 
mul   :   1 muls  :   0 mulsu :   0 neg   :   3 nop   :   0 or    :   3 
ori   :   7 out   :  32 pop   :   4 push  :   4 rcall :  20 ret   :  35 
reti  :   2 rjmp  :  64 rol   :   7 ror   :   2 sbc   :   7 sbci  :   5 
sbi   :   5 sbic  :   0 sbis  :   0 sbiw  :  22 sbr   :   1 sbrc  :   2 
sbrs  :  12 sec   :   0 seh   :   0 sei   :   1 sen   :   0 ser   :   0 
ses   :   0 set   :   1 sev   :   0 sez   :   0 sleep :   0 spm   :   0 
st    :  75 std   :  31 sts   :  14 sub   :   4 subi  :  16 swap  :   1 
tst   :   4 wdr   :   1 
Instructions used: 69 out of 116 (59.5%)

ATmega16 memory use summary [bytes]:
Segment   Begin    End      Code   Data   Used    Size   Use%
---------------------------------------------------------------
[.cseg] 0x000000 0x0008cc   2210     42   2252   16384  13.7%
[.dseg] 0x000060 0x00016e      0     14     14    1024   1.4%
[.eseg] 0x000000 0x000000      0      0      0     512   0.0%

Assembly complete, 0 errors, 4 warnings
